[14:20:14] [modloading-worker-0/INFO] ========================================
[14:20:14] [modloading-worker-0/INFO] Minecraft: 1.18.2
[14:20:14] [modloading-worker-0/INFO] Side: server
[14:20:14] [modloading-worker-0/INFO] Development: false
[14:20:14] [modloading-worker-0/INFO] Version: 8.3.631
[14:20:14] [modloading-worker-0/INFO] Loader:
[14:20:14] [modloading-worker-0/INFO] - Forge: 40.2.10
[14:20:14] [modloading-worker-0/INFO] Dependencies:
[14:20:14] [modloading-worker-0/INFO] - Cloth Config: 6.4.90
[14:20:14] [modloading-worker-0/INFO] - Architectury: 4.11.93
[14:20:14] [modloading-worker-0/INFO] Mixin: 0.8.5
[14:20:14] [modloading-worker-0/INFO] OS: Windows 11 10.0 (amd64)
[14:20:14] [modloading-worker-0/INFO] Java: 17.0.8 (Oracle Corporation)
[14:20:14] [modloading-worker-0/INFO] ========================================
[14:20:14] [modloading-worker-0/INFO] Mods:
[14:20:14] [modloading-worker-0/INFO] - adaptive_performance_tweaks_core: 3.22.1
[14:20:14] [modloading-worker-0/INFO] - adaptive_performance_tweaks_items: 3.21.0
[14:20:14] [modloading-worker-0/INFO] - afptweaks: 1.18.2-1.2.4
[14:20:14] [modloading-worker-0/INFO] - ageingspawners: 1.2.4
[14:20:14] [modloading-worker-0/INFO] - aiimprovements: 0.5.2
[14:20:14] [modloading-worker-0/INFO] - alexsdelight: 1.3.3
[14:20:14] [modloading-worker-0/INFO] - alexsmobs: 1.18.6
[14:20:14] [modloading-worker-0/INFO] - alternate_current: 0.0NONE
[14:20:14] [modloading-worker-0/INFO] - ambientsounds: 5.0.16
[14:20:14] [modloading-worker-0/INFO] - antiqueatlas: 7.1.1-forge-mc1.18.2
[14:20:14] [modloading-worker-0/INFO] - apotheosis: 5.8.1
[14:20:14] [modloading-worker-0/INFO] - aquamirae: 5.api10
[14:20:14] [modloading-worker-0/INFO] - architectury: 4.11.93
[14:20:14] [modloading-worker-0/INFO] - areas: 5.0
[14:20:14] [modloading-worker-0/INFO] - armorcurve: 3.0
[14:20:14] [modloading-worker-0/INFO] - armoreablemobs: 1.0.5
[14:20:14] [modloading-worker-0/INFO] - ars_nouveau: 2.9.0
[14:20:14] [modloading-worker-0/INFO] - atlaslib: 1.1.7a
[14:20:14] [modloading-worker-0/INFO] - attributefix: 14.0.2
[14:20:14] [modloading-worker-0/INFO] - autoreglib: 1.7-53
[14:20:14] [modloading-worker-0/INFO] - auudio: 1.0.3
[14:20:14] [modloading-worker-0/INFO] - awesomedungeonnether: 1.0.2
[14:20:14] [modloading-worker-0/INFO] - ba_bt: 1.18.2-2.3.12
[14:20:14] [modloading-worker-0/INFO] - badmobs: 13.01
[14:20:14] [modloading-worker-0/INFO] - balm: 3.2.6
[14:20:14] [modloading-worker-0/INFO] - bcc: 1.1.21-build.48+mc1.18.2
[14:20:14] [modloading-worker-0/INFO] - betterbiomeblend: 1.3.5-forge
[14:20:14] [modloading-worker-0/INFO] - betterdeserttemples: 1.18.2-Forge-1.3.1
[14:20:14] [modloading-worker-0/INFO] - betterdungeons: 1.18.2-Forge-2.1.0
[14:20:14] [modloading-worker-0/INFO] - betterfortresses: 1.18.2-Forge-1.0.0
[14:20:14] [modloading-worker-0/INFO] - bettergolem: 1.18.2-1.1.0
[14:20:14] [modloading-worker-0/INFO] - bettermineshafts: 1.18.2-Forge-2.2
[14:20:14] [modloading-worker-0/INFO] - betteroceanmonuments: 1.18.2-Forge-1.0.3
[14:20:14] [modloading-worker-0/INFO] - betterstrongholds: 1.18.2-Forge-2.1.1
[14:20:14] [modloading-worker-0/INFO] - bettervillage: 1
[14:20:14] [modloading-worker-0/INFO] - betterwitchhuts: 1.18.2-Forge-1.0.1
[14:20:14] [modloading-worker-0/INFO] - biomemakeover: 1.18.2-1.4.32
[14:20:14] [modloading-worker-0/INFO] - bloodandmadness: 2.0
[14:20:14] [modloading-worker-0/INFO] - blue_skies: 1.3.12
[14:20:14] [modloading-worker-0/INFO] - blueprint: 5.5.0
[14:20:14] [modloading-worker-0/INFO] - bookshelf: 13.3.56
[14:20:14] [modloading-worker-0/INFO] - braincell: 1.18
[14:20:14] [modloading-worker-0/INFO] - brutalbosses: 1.18.2-5.8
[14:20:14] [modloading-worker-0/INFO] - bwncr: 3.13.21
[14:20:14] [modloading-worker-0/INFO] - bygonenether: 1.2.2
[14:20:14] [modloading-worker-0/INFO] - callablehorses: 1.2.2.5
[14:20:14] [modloading-worker-0/INFO] - cataclysm: 1.0
[14:20:14] [modloading-worker-0/INFO] - cc: 1.0.17
[14:20:14] [modloading-worker-0/INFO] - celesteconfig: 1.0.0
[14:20:14] [modloading-worker-0/INFO] - champions: 1.18.2-2.1.6.3
[14:20:14] [modloading-worker-0/INFO] - chunky: 1.2.164
[14:20:14] [modloading-worker-0/INFO] - citadel: 1.11.3
[14:20:14] [modloading-worker-0/INFO] - cloth_config: 6.4.90
[14:20:14] [modloading-worker-0/INFO] - cloudstorage: 1.1.0
[14:20:14] [modloading-worker-0/INFO] - collective: 6.62
[14:20:14] [modloading-worker-0/INFO] - comforts: 1.18.2-5.0.0.6
[14:20:14] [modloading-worker-0/INFO] - conjurer_illager: 1.1.1
[14:20:14] [modloading-worker-0/INFO] - corpse: 1.18.2-1.0.1
[14:20:14] [modloading-worker-0/INFO] - crafttweaker: 9.1.207
[14:20:14] [modloading-worker-0/INFO] - create: 0.5.1.b
[14:20:14] [modloading-worker-0/INFO] - creativecore: 0.0NONE
[14:20:14] [modloading-worker-0/INFO] - creeperoverhaul: 1.3.1
[14:20:14] [modloading-worker-0/INFO] - curios: 1.18.2-5.0.9.1
[14:20:14] [modloading-worker-0/INFO] - dannys_expansion: 1.2.6
[14:20:14] [modloading-worker-0/INFO] - darkersouls: 1.0
[14:20:14] [modloading-worker-0/INFO] - dawncraft: 1.18.2-1.2.4
[14:20:14] [modloading-worker-0/INFO] - deleteitem: 2.0.3.1
[14:20:14] [modloading-worker-0/INFO] - difficultraids: 1.7.5-release
[14:20:14] [modloading-worker-0/INFO] - dogslie: 1.1.1
[14:20:14] [modloading-worker-0/INFO] - dragonmounts: 1.1.4
[14:20:14] [modloading-worker-0/INFO] - dummmmmmy: 1.18-1.5.2
[14:20:14] [modloading-worker-0/INFO] - dungeoncrawl: 2.3.12
[14:20:14] [modloading-worker-0/INFO] - dungeons_arise: 2.1.52-1.18.2
[14:20:14] [modloading-worker-0/INFO] - easymagic: 3.3.0
[14:20:14] [modloading-worker-0/INFO] - ecologics: 1.7.11
[14:20:14] [modloading-worker-0/INFO] - efdg: 1.8
[14:20:14] [modloading-worker-0/INFO] - enchantlimiter: 2.0
[14:20:14] [modloading-worker-0/INFO] - endrem: 5.2.0-R-1.18.2
[14:20:14] [modloading-worker-0/INFO] - enlightened_end: 4.0.0.1
[14:20:14] [modloading-worker-0/INFO] - epicfight: 18.3.8
[14:20:14] [modloading-worker-0/INFO] - epicparagliders: 0.4.0-1.18.2
[14:20:14] [modloading-worker-0/INFO] - farmersdelight: 1.18.2-1.2.3
[14:20:14] [modloading-worker-0/INFO] - farsightedmobs: 1.1
[14:20:14] [modloading-worker-0/INFO] - fastbench: 6.1.1
[14:20:14] [modloading-worker-0/INFO] - fastfurnace: 6.0.3
[14:20:14] [modloading-worker-0/INFO] - fastload: 8.2.1-+1.18.2
[14:20:14] [modloading-worker-0/INFO] - fastsuite: 3.0.2
[14:20:14] [modloading-worker-0/INFO] - feature_nbt_deadlock_be_gone: 2.0.0+1.18.2
[14:20:14] [modloading-worker-0/INFO] - ferritecore: 4.2.2
[14:20:14] [modloading-worker-0/INFO] - fixmyspawnr: 1.0.0
[14:20:14] [modloading-worker-0/INFO] - flywheel: 0.6.8.a
[14:20:14] [modloading-worker-0/INFO] - followme: 1.1.8a
[14:20:14] [modloading-worker-0/INFO] - forge: 40.2.10
[14:20:14] [modloading-worker-0/INFO] - ftbessentials: 1802.1.7-build.42
[14:20:14] [modloading-worker-0/INFO] - ftblibrary: 1802.3.11-build.177
[14:20:14] [modloading-worker-0/INFO] - ftbquests: 1802.3.14-build.191
[14:20:14] [modloading-worker-0/INFO] - ftbranks: 1802.1.11-build.71
[14:20:14] [modloading-worker-0/INFO] - ftbteams: 1802.2.10-build.96
[14:20:14] [modloading-worker-0/INFO] - fullstackwatchdog: 1.0.1+1.19.2-forge
[14:20:14] [modloading-worker-0/INFO] - gamestages: 8.1.3
[14:20:14] [modloading-worker-0/INFO] - geckolib3: 3.0.56
[14:20:14] [modloading-worker-0/INFO] - getittogetherdrops: 1.3
[14:20:14] [modloading-worker-0/INFO] - globaldataandresourcepacks: 1.12.4_forge
[14:20:14] [modloading-worker-0/INFO] - goblinsanddungeons: 1.0.8
[14:20:14] [modloading-worker-0/INFO] - goblintraders: 1.8.0
[14:20:14] [modloading-worker-0/INFO] - guardvillagers: 1.4.3
[14:20:14] [modloading-worker-0/INFO] - habitat: 1.1.5
[14:20:14] [modloading-worker-0/INFO] - hardermonsterboats: 39.1.1.0
[14:20:14] [modloading-worker-0/INFO] - hexerei: 0.2.2
[14:20:14] [modloading-worker-0/INFO] - hitindication: 1.2
[14:20:14] [modloading-worker-0/INFO] - humancompanions: 1.18.2-1.7.3
[14:20:14] [modloading-worker-0/INFO] - hunterillager: 1.18.2-4.0.1
[14:20:14] [modloading-worker-0/INFO] - iceberg: 1.0.49
[14:20:14] [modloading-worker-0/INFO] - idas: 1.6.6+1.18.2
[14:20:14] [modloading-worker-0/INFO] - illageandspillage: 1.1.3
[14:20:14] [modloading-worker-0/INFO] - immersive_weathering: 1.18.2-1.18.2-3.0.3
[14:20:14] [modloading-worker-0/INFO] - improvedmobs: 1.18.2-1.11.0
[14:20:14] [modloading-worker-0/INFO] - incendium: 5.0.8
[14:20:14] [modloading-worker-0/INFO] - incontrol: 1.18-6.1.9
[14:20:14] [modloading-worker-0/INFO] - insanelib: 1.5.3
[14:20:14] [modloading-worker-0/INFO] - integrated_api: 1.2.7+1.18.2
[14:20:14] [modloading-worker-0/INFO] - integrated_stronghold: 1.0.2+1.18.2
[14:20:14] [modloading-worker-0/INFO] - itemfilters: 1802.2.8-build.47
[14:20:14] [modloading-worker-0/INFO] - itemphysic: 1.6.0
[14:20:14] [modloading-worker-0/INFO] - itshallnottick: 1.0.22-build.34
[14:20:14] [modloading-worker-0/INFO] - jade: 5.3.0
[14:20:14] [modloading-worker-0/INFO] - jei: 9.9999
[14:20:14] [modloading-worker-0/INFO] - jeitweaker: 3.0.0.9
[14:20:14] [modloading-worker-0/INFO] - jet_and_elias_armors: 1.0.0
[14:20:14] [modloading-worker-0/INFO] - jumpboat: 1.18.2-0.1.0.3
[14:20:14] [modloading-worker-0/INFO] - kobolds: 2.1.2
[14:20:14] [modloading-worker-0/INFO] - krypton: 0.1.10-SNAPSHOT
[14:20:14] [modloading-worker-0/INFO] - lazydfu: 0.1.3
[14:20:14] [modloading-worker-0/INFO] - libertyvillagers: 2.0.0+forge+1.18.2
[14:20:14] [modloading-worker-0/INFO] - libraryferret: 3.0.0
[14:20:14] [modloading-worker-0/INFO] - libx: 1.18.2-3.2.19
[14:20:14] [modloading-worker-0/INFO] - lilwings: 1.2.4
[14:20:14] [modloading-worker-0/INFO] - limitedchunks: 1.8
[14:20:14] [modloading-worker-0/INFO] - logbegone: 1.0.4
[14:20:14] [modloading-worker-0/INFO] - logprot: 1.4
[14:20:14] [modloading-worker-0/INFO] - lootr: 0.3.24.61
[14:20:14] [modloading-worker-0/INFO] - magistuarmory: 8.2
[14:20:14] [modloading-worker-0/INFO] - majruszsdifficulty: 1.8.0
[14:20:14] [modloading-worker-0/INFO] - maxhealthfix: 5.0.4
[14:20:14] [modloading-worker-0/INFO] - meetyourfight: 1.18.2-1.2.5
[14:20:14] [modloading-worker-0/INFO] - mimic: 1.1.32
[14:20:14] [modloading-worker-0/INFO] - minecraft: 1.18.2
[14:20:14] [modloading-worker-0/INFO] - mixinextras: 0.2.0-beta.9
[14:20:14] [modloading-worker-0/INFO] - mlib: 5.0.0
[14:20:14] [modloading-worker-0/INFO] - modernfix: 5.7.2+mc1.18.2
[14:20:14] [modloading-worker-0/INFO] - monsterplus: 1.0
[14:20:14] [modloading-worker-0/INFO] - morevillagers: 3.2.0
[14:20:14] [modloading-worker-0/INFO] - mousetweaks: 2.21
[14:20:14] [modloading-worker-0/INFO] - mowziesmobs: 1.5.32
[14:20:14] [modloading-worker-0/INFO] - mutantmonsters: 3.0.1
[14:20:14] [modloading-worker-0/INFO] - netherportalfix: 9.0.0
[14:20:14] [modloading-worker-0/INFO] - nethersdelight: 2.2
[14:20:14] [modloading-worker-0/INFO] - netherskeletons: 4.8
[14:20:14] [modloading-worker-0/INFO] - nightconfigfixes: 3.0.2
[14:20:14] [modloading-worker-0/INFO] - nourished_nether: 1.1.5
[14:20:14] [modloading-worker-0/INFO] - nyfsquiver: 1.18.1-0.7.0
[14:20:14] [modloading-worker-0/INFO] - ob_core: 3.2.0
[14:20:14] [modloading-worker-0/INFO] - ob_tooltips: 1.4.1
[14:20:14] [modloading-worker-0/INFO] - obscure_api: 10
[14:20:14] [modloading-worker-0/INFO] - orcz: 0.74
[14:20:14] [modloading-worker-0/INFO] - paraglider: 1.6.0.5
[14:20:14] [modloading-worker-0/INFO] - passablefoliage: 4.2.1
[14:20:14] [modloading-worker-0/INFO] - patchouli: 1.18.2-71.1
[14:20:14] [modloading-worker-0/INFO] - pfm: 1.1.1
[14:20:14] [modloading-worker-0/INFO] - piglinproliferation: 1.0.0
[14:20:14] [modloading-worker-0/INFO] - pineapple_delight: 0.0NONE
[14:20:14] [modloading-worker-0/INFO] - placebo: 6.6.7
[14:20:14] [modloading-worker-0/INFO] - plushies: 1.2
[14:20:14] [modloading-worker-0/INFO] - pmmo: 1.18.2-3.69.11
[14:20:14] [modloading-worker-0/INFO] - polylib: 1801.0.2-build.13
[14:20:14] [modloading-worker-0/INFO] - polymorph: 1.18.2-0.49
[14:20:14] [modloading-worker-0/INFO] - presencenotrequired: 1.3.0
[14:20:14] [modloading-worker-0/INFO] - prism: 1.0.1
[14:20:14] [modloading-worker-0/INFO] - progressivebosses: 3.6.5
[14:20:14] [modloading-worker-0/INFO] - puzzleslib: 3.5.8
[14:20:14] [modloading-worker-0/INFO] - quark: 3.2-358
[14:20:14] [modloading-worker-0/INFO] - quest_giver: 1.18.2-1.0.10
[14:20:14] [modloading-worker-0/INFO] - recipestages: 3.0.0.10
[14:20:14] [modloading-worker-0/INFO] - rei_plugin_compatibilities: 8.0.77
[14:20:14] [modloading-worker-0/INFO] - reputation: 0.9.9
[14:20:14] [modloading-worker-0/INFO] - restored_earth: 1.4.2
[14:20:14] [modloading-worker-0/INFO] - revamped_phantoms: 0.2.3
[14:20:14] [modloading-worker-0/INFO] - roughlyenoughitems: 8.3.631
[14:20:14] [modloading-worker-0/INFO] - saturn: 0.0.4
[14:20:14] [modloading-worker-0/INFO] - savage_and_ravage: 4.0.1
[14:20:14] [modloading-worker-0/INFO] - scattered_weapons: 1.0.0
[14:20:14] [modloading-worker-0/INFO] - secondchanceforge: 1.5.0
[14:20:14] [modloading-worker-0/INFO] - selene: 1.18.2-1.17.9
[14:20:14] [modloading-worker-0/INFO] - sereneseasons: 1.18.2-7.0.0.13
[14:20:14] [modloading-worker-0/INFO] - shrines: 1.18.2-4.1.0
[14:20:14] [modloading-worker-0/INFO] - simple_mobs: 0.9.81
[14:20:14] [modloading-worker-0/INFO] - simplebackups: 1.18.2-1.1.13
[14:20:14] [modloading-worker-0/INFO] - smoothchunk: 1.18.2-1.9
[14:20:14] [modloading-worker-0/INFO] - snuffles: 1.0.2
[14:20:14] [modloading-worker-0/INFO] - solapplepie: 1.18.2-1.0.4
[14:20:14] [modloading-worker-0/INFO] - sophisticatedbackpacks: 1.18.2-3.18.60.906
[14:20:14] [modloading-worker-0/INFO] - sophisticatedcore: 1.18.2-0.5.87.416
[14:20:14] [modloading-worker-0/INFO] - sound_physics_remastered: 1.18.2-1.0.6
[14:20:14] [modloading-worker-0/INFO] - stackablepotions: 1.0.0
[14:20:14] [modloading-worker-0/INFO] - starlight: 1.0.2+forge.83663de
[14:20:14] [modloading-worker-0/INFO] - starterkit: 5.0
[14:20:14] [modloading-worker-0/INFO] - storagedrawers: 10.2.1
[14:20:14] [modloading-worker-0/INFO] - strawgolem: 2.0.0-beta.5
[14:20:14] [modloading-worker-0/INFO] - structory: 0.0NONE
[14:20:14] [modloading-worker-0/INFO] - structure_gel: 2.4.7
[14:20:14] [modloading-worker-0/INFO] - supermartijn642configlib: 1.1.6
[14:20:14] [modloading-worker-0/INFO] - supermartijn642corelib: 1.1.9a
[14:20:14] [modloading-worker-0/INFO] - supplementaries: 1.18.2-1.5.18
[14:20:14] [modloading-worker-0/INFO] - tenshilib: 1.18.2-1.6.15
[14:20:14] [modloading-worker-0/INFO] - terrablender: 1.2.0.126
[14:20:14] [modloading-worker-0/INFO] - terralith: 0.0NONE
[14:20:14] [modloading-worker-0/INFO] - timeout_fixes: 1.18.1-1.0.0
[14:20:14] [modloading-worker-0/INFO] - tinyskeletons: 3.3.0
[14:20:14] [modloading-worker-0/INFO] - tlc: 1.0.1
[14:20:14] [modloading-worker-0/INFO] - toofast: 0.0.1.2
[14:20:14] [modloading-worker-0/INFO] - treechop: 0.17.7
[14:20:14] [modloading-worker-0/INFO] - tumbleweed: 1.18-0.5.4
[14:20:14] [modloading-worker-0/INFO] - undead_revamp2: 1.0.0
[14:20:14] [modloading-worker-0/INFO] - untamedwilds: 2.4.2
[14:20:14] [modloading-worker-0/INFO] - unvotedandshelved: 1.18.2-2.0.6-forge
[14:20:14] [modloading-worker-0/INFO] - villagercomfort: 1.18.2-1.0.0
[14:20:14] [modloading-worker-0/INFO] - villagernames: 5.1
[14:20:14] [modloading-worker-0/INFO] - waila: 5.3.0
[14:20:14] [modloading-worker-0/INFO] - waystones: 10.2.1
[14:20:14] [modloading-worker-0/INFO] - weaponmaster: 3.0.3
[14:20:14] [modloading-worker-0/INFO] - wildbackport: 1.2.3
[14:20:14] [modloading-worker-0/INFO] - yungsapi: 1.18.2-Forge-2.2.9
[14:20:14] [modloading-worker-0/INFO] - yungsbridges: 1.18.2-Forge-2.1.0
[14:20:14] [modloading-worker-0/INFO] - yungsextras: 1.18.2-Forge-2.1.0
[14:20:14] [modloading-worker-0/INFO] - zensummoning: 1.3.8
[14:20:14] [modloading-worker-0/INFO] ========================================
[14:20:14] [modloading-worker-0/INFO] [REI] Registered plugin provider REI Plugin Compatibilities Server Handler [rei_plugin_compatibilities, jei] for REIPlugin
[14:20:14] [modloading-worker-0/INFO] [REI] Registered plugin provider DefaultPluginImpl [roughlyenoughitems] for REIServerPlugin
[14:20:14] [modloading-worker-0/INFO] [REI] Registered plugin provider DefaultPluginImpl [roughlyenoughitems] for REIPlugin
[14:20:14] [modloading-worker-0/INFO] [REI] Registered plugin provider DefaultRuntimePlugin [roughlyenoughitems] for REIServerPlugin
[14:20:14] [modloading-worker-0/INFO] [REI] Registered plugin provider DefaultRuntimePlugin [roughlyenoughitems] for REIPlugin
[14:20:14] [modloading-worker-0/INFO] [REI] Registered plugin provider REI Plugin Compatibilities Server Handler [rei_plugin_compatibilities, jei] for REIServerPlugin
[14:20:36] [Worker-Main-6/DEBUG] [REI] Processed 0 tags in 43.80 μs for minecraft:dimension_type
[14:20:36] [Worker-Main-1/DEBUG] [REI] Processed 0 tags in 15.70 μs for shrines:random_variation/material
[14:20:36] [Worker-Main-6/DEBUG] [REI] Processed 5 tags in 1.321 ms for minecraft:game_event
[14:20:36] [Worker-Main-1/DEBUG] [REI] Processed 9 tags in 104.5 μs for minecraft:fluid
[14:20:36] [Worker-Main-6/DEBUG] [REI] Processed 113 tags in 740.8 μs for minecraft:entity_type
[14:20:36] [Worker-Main-3/DEBUG] [REI] Processed 0 tags in 66.80 μs for minecraft:worldgen/configured_structure_feature
[14:20:37] [Worker-Main-1/DEBUG] [REI] Processed 1 tags in 144.7 μs for minecraft:worldgen/structure_feature
[14:20:37] [Worker-Main-5/DEBUG] [REI] Processed 825 tags in 12.56 ms for minecraft:item
[14:20:37] [Worker-Main-2/DEBUG] [REI] Processed 733 tags in 25.12 ms for minecraft:block
[14:20:37] [Worker-Main-4/DEBUG] [REI] Processed 0 tags in 92.80 μs for minecraft:worldgen/biome
[14:20:47] [Worker-Main-7/DEBUG] [REI] ========================================
[14:20:47] [Worker-Main-7/DEBUG] [REI] REIPlugin starting pre-reload for START.
[14:20:47] [Worker-Main-7/DEBUG] [REI] Reloadables (7):
[14:20:47] [Worker-Main-7/DEBUG] [REI]  - EntryTypeRegistryImpl
[14:20:47] [Worker-Main-7/DEBUG] [REI]  - EntrySettingsAdapterRegistryImpl
[14:20:47] [Worker-Main-7/DEBUG] [REI]  - RecipeManagerContextImpl
[14:20:47] [Worker-Main-7/DEBUG] [REI]  - ItemComparatorRegistryImpl
[14:20:47] [Worker-Main-7/DEBUG] [REI]  - FluidComparatorRegistryImpl
[14:20:47] [Worker-Main-7/DEBUG] [REI]  - DisplaySerializerRegistryImpl
[14:20:47] [Worker-Main-7/DEBUG] [REI]  - FluidSupportProviderImpl
[14:20:47] [Worker-Main-7/DEBUG] [REI] Plugins (3):
[14:20:47] [Worker-Main-7/DEBUG] [REI]  - (-100.00) DefaultPluginImpl of DefaultPluginImpl [roughlyenoughitems]
[14:20:47] [Worker-Main-7/DEBUG] [REI]  - (0.00) DefaultRuntimePlugin of DefaultRuntimePlugin [roughlyenoughitems]
[14:20:47] [Worker-Main-7/DEBUG] [REI]  - (0.00) REI Plugin Compatibilities Server Handler of REI Plugin Compatibilities Server Handler [rei_plugin_compatibilities, jei]
[14:20:47] [Worker-Main-7/DEBUG] [REI] ========================================
[14:20:47] [Worker-Main-7/TRACE] [REI] [REIPlugin START] Reloading Section: "pre-register/"
[14:20:47] [Worker-Main-7/TRACE] [REI] [REIPlugin START] Reloading Section: "pre-register/DefaultPluginImpl of DefaultPluginImpl [roughlyenoughitems]/"
[14:20:47] [Worker-Main-7/TRACE] [REI] [REIPlugin START] Reloading Section: "pre-register/DefaultPluginImpl of DefaultPluginImpl [roughlyenoughitems]/" done in 1.324 ms
[14:20:47] [Worker-Main-7/TRACE] [REI] [REIPlugin START] Reloading Section: "pre-register/DefaultRuntimePlugin of DefaultRuntimePlugin [roughlyenoughitems]/"
[14:20:47] [Worker-Main-7/TRACE] [REI] [REIPlugin START] Reloading Section: "pre-register/DefaultRuntimePlugin of DefaultRuntimePlugin [roughlyenoughitems]/" done in 39.90 μs
[14:20:47] [Worker-Main-7/TRACE] [REI] [REIPlugin START] Reloading Section: "pre-register/REI Plugin Compatibilities Server Handler of REI Plugin Compatibilities Server Handler [rei_plugin_compatibilities, jei]/"
[14:20:47] [Worker-Main-7/TRACE] [REI] [REIPlugin START] Reloading Section: "pre-register/REI Plugin Compatibilities Server Handler of REI Plugin Compatibilities Server Handler [rei_plugin_compatibilities, jei]/" done in 11.40 μs
[14:20:47] [Worker-Main-7/TRACE] [REI] [REIPlugin START] Reloading Section: "pre-register/" done in 19.53 ms
[14:20:47] [Worker-Main-7/DEBUG] [REI] ========================================
[14:20:47] [Worker-Main-7/DEBUG] [REI] REIPlugin finished pre-reload for START in 22.74 ms.
[14:20:47] [Worker-Main-7/DEBUG] [REI] ========================================
[14:20:47] [Worker-Main-7/DEBUG] [REI] ========================================
[14:20:47] [Worker-Main-7/DEBUG] [REI] REIServerPlugin starting pre-reload for START.
[14:20:47] [Worker-Main-7/DEBUG] [REI] Reloadables (1):
[14:20:47] [Worker-Main-7/DEBUG] [REI]  - MenuInfoRegistryImpl
[14:20:47] [Worker-Main-7/DEBUG] [REI] Plugins (3):
[14:20:47] [Worker-Main-7/DEBUG] [REI]  - (-100.00) DefaultPluginImpl of DefaultPluginImpl [roughlyenoughitems]
[14:20:47] [Worker-Main-7/DEBUG] [REI]  - (0.00) REI Plugin Compatibilities Server Handler of REI Plugin Compatibilities Server Handler [rei_plugin_compatibilities, jei]
[14:20:47] [Worker-Main-7/DEBUG] [REI]  - (0.00) DefaultRuntimePlugin of DefaultRuntimePlugin [roughlyenoughitems]
[14:20:47] [Worker-Main-7/DEBUG] [REI] ========================================
[14:20:47] [Worker-Main-7/TRACE] [REI] [REIServerPlugin START] Reloading Section: "pre-register/"
[14:20:47] [Worker-Main-7/TRACE] [REI] [REIServerPlugin START] Reloading Section: "pre-register/DefaultPluginImpl of DefaultPluginImpl [roughlyenoughitems]/"
[14:20:47] [Worker-Main-7/TRACE] [REI] [REIServerPlugin START] Reloading Section: "pre-register/DefaultPluginImpl of DefaultPluginImpl [roughlyenoughitems]/" done in 15.10 μs
[14:20:47] [Worker-Main-7/TRACE] [REI] [REIServerPlugin START] Reloading Section: "pre-register/REI Plugin Compatibilities Server Handler of REI Plugin Compatibilities Server Handler [rei_plugin_compatibilities, jei]/"
[14:20:47] [Worker-Main-7/TRACE] [REI] [REIServerPlugin START] Reloading Section: "pre-register/REI Plugin Compatibilities Server Handler of REI Plugin Compatibilities Server Handler [rei_plugin_compatibilities, jei]/" done in 17.90 μs
[14:20:47] [Worker-Main-7/TRACE] [REI] [REIServerPlugin START] Reloading Section: "pre-register/DefaultRuntimePlugin of DefaultRuntimePlugin [roughlyenoughitems]/"
[14:20:47] [Worker-Main-7/TRACE] [REI] [REIServerPlugin START] Reloading Section: "pre-register/DefaultRuntimePlugin of DefaultRuntimePlugin [roughlyenoughitems]/" done in 5.100 μs
[14:20:47] [Worker-Main-7/TRACE] [REI] [REIServerPlugin START] Reloading Section: "pre-register/" done in 357.3 μs
[14:20:47] [Worker-Main-7/DEBUG] [REI] ========================================
[14:20:47] [Worker-Main-7/DEBUG] [REI] REIServerPlugin finished pre-reload for START in 454.7 μs.
[14:20:47] [Worker-Main-7/DEBUG] [REI] ========================================
[14:20:47] [Worker-Main-7/INFO] [REI] ----------------------------------------
[14:20:47] [Worker-Main-7/INFO] [REI] REIPlugin starting main-reload for START.
[14:20:47] [Worker-Main-7/DEBUG] [REI] Reloadables (7):
[14:20:47] [Worker-Main-7/DEBUG] [REI]  - EntryTypeRegistryImpl
[14:20:47] [Worker-Main-7/DEBUG] [REI]  - EntrySettingsAdapterRegistryImpl
[14:20:47] [Worker-Main-7/DEBUG] [REI]  - RecipeManagerContextImpl
[14:20:47] [Worker-Main-7/DEBUG] [REI]  - ItemComparatorRegistryImpl
[14:20:47] [Worker-Main-7/DEBUG] [REI]  - FluidComparatorRegistryImpl
[14:20:47] [Worker-Main-7/DEBUG] [REI]  - DisplaySerializerRegistryImpl
[14:20:47] [Worker-Main-7/DEBUG] [REI]  - FluidSupportProviderImpl
[14:20:47] [Worker-Main-7/INFO] [REI] Plugins (3):
[14:20:47] [Worker-Main-7/INFO] [REI]  - (-100.00) DefaultPluginImpl of DefaultPluginImpl [roughlyenoughitems]
[14:20:47] [Worker-Main-7/INFO] [REI]  - (0.00) DefaultRuntimePlugin of DefaultRuntimePlugin [roughlyenoughitems]
[14:20:47] [Worker-Main-7/INFO] [REI]  - (0.00) REI Plugin Compatibilities Server Handler of REI Plugin Compatibilities Server Handler [rei_plugin_compatibilities, jei]
[14:20:47] [Worker-Main-7/INFO] [REI] ----------------------------------------
[14:20:47] [Worker-Main-7/TRACE] [REI] [REIPlugin START] Reloading Section: "start-reload/"
[14:20:47] [Worker-Main-7/TRACE] [REI] [REIPlugin START] Reloading Section: "start-reload/EntryTypeRegistryImpl/"
[14:20:47] [Worker-Main-7/TRACE] [REI] [REIPlugin START] Reloading Section: "start-reload/EntryTypeRegistryImpl/" done in 347.4 μs
[14:20:47] [Worker-Main-7/TRACE] [REI] [REIPlugin START] Reloading Section: "start-reload/EntrySettingsAdapterRegistryImpl/"
[14:20:47] [Worker-Main-7/TRACE] [REI] [REIPlugin START] Reloading Section: "start-reload/EntrySettingsAdapterRegistryImpl/" done in 9.300 μs
[14:20:47] [Worker-Main-7/TRACE] [REI] [REIPlugin START] Reloading Section: "start-reload/RecipeManagerContextImpl/"
[14:20:47] [Worker-Main-7/TRACE] [REI] [REIPlugin START] Reloading Section: "start-reload/RecipeManagerContextImpl/" done in 4.800 μs
[14:20:47] [Worker-Main-7/TRACE] [REI] [REIPlugin START] Reloading Section: "start-reload/ItemComparatorRegistryImpl/"
[14:20:47] [Worker-Main-7/TRACE] [REI] [REIPlugin START] Reloading Section: "start-reload/ItemComparatorRegistryImpl/" done in 31.40 μs
[14:20:47] [Worker-Main-7/TRACE] [REI] [REIPlugin START] Reloading Section: "start-reload/FluidComparatorRegistryImpl/"
[14:20:47] [Worker-Main-7/TRACE] [REI] [REIPlugin START] Reloading Section: "start-reload/FluidComparatorRegistryImpl/" done in 7.400 μs
[14:20:47] [Worker-Main-7/TRACE] [REI] [REIPlugin START] Reloading Section: "start-reload/DisplaySerializerRegistryImpl/"
[14:20:47] [Worker-Main-7/TRACE] [REI] [REIPlugin START] Reloading Section: "start-reload/DisplaySerializerRegistryImpl/" done in 5.000 μs
[14:20:47] [Worker-Main-7/TRACE] [REI] [REIPlugin START] Reloading Section: "start-reload/FluidSupportProviderImpl/"
[14:20:47] [Worker-Main-7/TRACE] [REI] [REIPlugin START] Reloading Section: "start-reload/FluidSupportProviderImpl/" done in 21.80 μs
[14:20:47] [Worker-Main-7/TRACE] [REI] [REIPlugin START] Reloading Section: "start-reload/" done in 1.122 ms
[14:20:47] [Worker-Main-7/DEBUG] [REI] ========================================
[14:20:47] [Worker-Main-7/DEBUG] [REI] REIPlugin started main-reload for START.
[14:20:47] [Worker-Main-7/DEBUG] [REI] ========================================
[14:20:47] [Worker-Main-7/TRACE] [REI] [REIPlugin START] Reloading Section: "reloadable-plugin/EntryTypeRegistryImpl/"
[14:20:47] [Worker-Main-7/TRACE] [REI] [REIPlugin START] Reloading Section: "reloadable-plugin/EntryTypeRegistryImpl/DefaultPluginImpl of DefaultPluginImpl [roughlyenoughitems]/"
[14:20:47] [Worker-Main-7/TRACE] [REI] [REIPlugin START] Reloading Section: "reloadable-plugin/EntryTypeRegistryImpl/DefaultPluginImpl of DefaultPluginImpl [roughlyenoughitems]/" done in 419.1 μs
[14:20:47] [Worker-Main-7/TRACE] [REI] [REIPlugin START] Reloading Section: "reloadable-plugin/EntryTypeRegistryImpl/DefaultRuntimePlugin of DefaultRuntimePlugin [roughlyenoughitems]/"
[14:20:47] [Worker-Main-7/TRACE] [REI] [REIPlugin START] Reloading Section: "reloadable-plugin/EntryTypeRegistryImpl/DefaultRuntimePlugin of DefaultRuntimePlugin [roughlyenoughitems]/" done in 20.27 ms
[14:20:47] [Worker-Main-7/TRACE] [REI] [REIPlugin START] Reloading Section: "reloadable-plugin/EntryTypeRegistryImpl/REI Plugin Compatibilities Server Handler of REI Plugin Compatibilities Server Handler [rei_plugin_compatibilities, jei]/"
[14:20:47] [Worker-Main-7/TRACE] [REI] [REIPlugin START] Reloading Section: "reloadable-plugin/EntryTypeRegistryImpl/REI Plugin Compatibilities Server Handler of REI Plugin Compatibilities Server Handler [rei_plugin_compatibilities, jei]/" done in 35.00 μs
[14:20:47] [Worker-Main-7/TRACE] [REI] [REIPlugin START] Reloading Section: "reloadable-plugin/EntryTypeRegistryImpl/" done in 22.13 ms
[14:20:47] [Worker-Main-7/TRACE] [REI] [REIPlugin START] Reloading Section: "reloadable-plugin/EntrySettingsAdapterRegistryImpl/"
[14:20:47] [Worker-Main-7/TRACE] [REI] [REIPlugin START] Reloading Section: "reloadable-plugin/EntrySettingsAdapterRegistryImpl/DefaultPluginImpl of DefaultPluginImpl [roughlyenoughitems]/"
[14:20:47] [Worker-Main-7/TRACE] [REI] [REIPlugin START] Reloading Section: "reloadable-plugin/EntrySettingsAdapterRegistryImpl/DefaultPluginImpl of DefaultPluginImpl [roughlyenoughitems]/" done in 22.20 μs
[14:20:47] [Worker-Main-7/TRACE] [REI] [REIPlugin START] Reloading Section: "reloadable-plugin/EntrySettingsAdapterRegistryImpl/DefaultRuntimePlugin of DefaultRuntimePlugin [roughlyenoughitems]/"
[14:20:47] [Worker-Main-7/TRACE] [REI] [REIPlugin START] Reloading Section: "reloadable-plugin/EntrySettingsAdapterRegistryImpl/DefaultRuntimePlugin of DefaultRuntimePlugin [roughlyenoughitems]/" done in 19.30 μs
[14:20:47] [Worker-Main-7/TRACE] [REI] [REIPlugin START] Reloading Section: "reloadable-plugin/EntrySettingsAdapterRegistryImpl/REI Plugin Compatibilities Server Handler of REI Plugin Compatibilities Server Handler [rei_plugin_compatibilities, jei]/"
[14:20:47] [Worker-Main-7/TRACE] [REI] [REIPlugin START] Reloading Section: "reloadable-plugin/EntrySettingsAdapterRegistryImpl/REI Plugin Compatibilities Server Handler of REI Plugin Compatibilities Server Handler [rei_plugin_compatibilities, jei]/" done in 17.00 μs
[14:20:47] [Worker-Main-7/TRACE] [REI] [REIPlugin START] Reloading Section: "reloadable-plugin/EntrySettingsAdapterRegistryImpl/" done in 653.1 μs
[14:20:47] [Worker-Main-7/TRACE] [REI] [REIPlugin START] Reloading Section: "reloadable-plugin/RecipeManagerContextImpl/"
[14:20:47] [Worker-Main-7/TRACE] [REI] [REIPlugin START] Reloading Section: "reloadable-plugin/RecipeManagerContextImpl/DefaultPluginImpl of DefaultPluginImpl [roughlyenoughitems]/"
[14:20:47] [Worker-Main-7/TRACE] [REI] [REIPlugin START] Reloading Section: "reloadable-plugin/RecipeManagerContextImpl/DefaultPluginImpl of DefaultPluginImpl [roughlyenoughitems]/" done in 18.50 μs
[14:20:47] [Worker-Main-7/TRACE] [REI] [REIPlugin START] Reloading Section: "reloadable-plugin/RecipeManagerContextImpl/DefaultRuntimePlugin of DefaultRuntimePlugin [roughlyenoughitems]/"
[14:20:47] [Worker-Main-7/TRACE] [REI] [REIPlugin START] Reloading Section: "reloadable-plugin/RecipeManagerContextImpl/DefaultRuntimePlugin of DefaultRuntimePlugin [roughlyenoughitems]/" done in 18.00 μs
[14:20:47] [Worker-Main-7/TRACE] [REI] [REIPlugin START] Reloading Section: "reloadable-plugin/RecipeManagerContextImpl/REI Plugin Compatibilities Server Handler of REI Plugin Compatibilities Server Handler [rei_plugin_compatibilities, jei]/"
[14:20:47] [Worker-Main-7/TRACE] [REI] [REIPlugin START] Reloading Section: "reloadable-plugin/RecipeManagerContextImpl/REI Plugin Compatibilities Server Handler of REI Plugin Compatibilities Server Handler [rei_plugin_compatibilities, jei]/" done in 16.50 μs
[14:20:47] [Worker-Main-7/TRACE] [REI] [REIPlugin START] Reloading Section: "reloadable-plugin/RecipeManagerContextImpl/" done in 559.5 μs
[14:20:47] [Worker-Main-7/TRACE] [REI] [REIPlugin START] Reloading Section: "reloadable-plugin/ItemComparatorRegistryImpl/"
[14:20:47] [Worker-Main-7/TRACE] [REI] [REIPlugin START] Reloading Section: "reloadable-plugin/ItemComparatorRegistryImpl/DefaultPluginImpl of DefaultPluginImpl [roughlyenoughitems]/"
[14:20:47] [Worker-Main-7/TRACE] [REI] [REIPlugin START] Reloading Section: "reloadable-plugin/ItemComparatorRegistryImpl/DefaultPluginImpl of DefaultPluginImpl [roughlyenoughitems]/" done in 1.627 ms
[14:20:47] [Worker-Main-7/TRACE] [REI] [REIPlugin START] Reloading Section: "reloadable-plugin/ItemComparatorRegistryImpl/DefaultRuntimePlugin of DefaultRuntimePlugin [roughlyenoughitems]/"
[14:20:47] [Worker-Main-7/TRACE] [REI] [REIPlugin START] Reloading Section: "reloadable-plugin/ItemComparatorRegistryImpl/DefaultRuntimePlugin of DefaultRuntimePlugin [roughlyenoughitems]/" done in 29.70 μs
[14:20:47] [Worker-Main-7/TRACE] [REI] [REIPlugin START] Reloading Section: "reloadable-plugin/ItemComparatorRegistryImpl/REI Plugin Compatibilities Server Handler of REI Plugin Compatibilities Server Handler [rei_plugin_compatibilities, jei]/"
[14:20:47] [Worker-Main-7/TRACE] [REI] [REIPlugin START] Reloading Section: "reloadable-plugin/ItemComparatorRegistryImpl/REI Plugin Compatibilities Server Handler of REI Plugin Compatibilities Server Handler [rei_plugin_compatibilities, jei]/" done in 19.60 μs
[14:20:47] [Worker-Main-7/TRACE] [REI] [REIPlugin START] Reloading Section: "reloadable-plugin/ItemComparatorRegistryImpl/" done in 2.357 ms
[14:20:47] [Worker-Main-7/TRACE] [REI] [REIPlugin START] Reloading Section: "reloadable-plugin/FluidComparatorRegistryImpl/"
[14:20:47] [Worker-Main-7/TRACE] [REI] [REIPlugin START] Reloading Section: "reloadable-plugin/FluidComparatorRegistryImpl/DefaultPluginImpl of DefaultPluginImpl [roughlyenoughitems]/"
[14:20:47] [Worker-Main-7/TRACE] [REI] [REIPlugin START] Reloading Section: "reloadable-plugin/FluidComparatorRegistryImpl/DefaultPluginImpl of DefaultPluginImpl [roughlyenoughitems]/" done in 35.70 μs
[14:20:47] [Worker-Main-7/TRACE] [REI] [REIPlugin START] Reloading Section: "reloadable-plugin/FluidComparatorRegistryImpl/DefaultRuntimePlugin of DefaultRuntimePlugin [roughlyenoughitems]/"
[14:20:47] [Worker-Main-7/TRACE] [REI] [REIPlugin START] Reloading Section: "reloadable-plugin/FluidComparatorRegistryImpl/DefaultRuntimePlugin of DefaultRuntimePlugin [roughlyenoughitems]/" done in 21.30 μs
[14:20:47] [Worker-Main-7/TRACE] [REI] [REIPlugin START] Reloading Section: "reloadable-plugin/FluidComparatorRegistryImpl/REI Plugin Compatibilities Server Handler of REI Plugin Compatibilities Server Handler [rei_plugin_compatibilities, jei]/"
[14:20:47] [Worker-Main-7/TRACE] [REI] [REIPlugin START] Reloading Section: "reloadable-plugin/FluidComparatorRegistryImpl/REI Plugin Compatibilities Server Handler of REI Plugin Compatibilities Server Handler [rei_plugin_compatibilities, jei]/" done in 16.90 μs
[14:20:47] [Worker-Main-7/TRACE] [REI] [REIPlugin START] Reloading Section: "reloadable-plugin/FluidComparatorRegistryImpl/" done in 794.6 μs
[14:20:47] [Worker-Main-7/TRACE] [REI] [REIPlugin START] Reloading Section: "reloadable-plugin/DisplaySerializerRegistryImpl/"
[14:20:47] [Worker-Main-7/TRACE] [REI] [REIPlugin START] Reloading Section: "reloadable-plugin/DisplaySerializerRegistryImpl/DefaultPluginImpl of DefaultPluginImpl [roughlyenoughitems]/"
[14:20:47] [Worker-Main-7/TRACE] [REI] [REIPlugin START] Reloading Section: "reloadable-plugin/DisplaySerializerRegistryImpl/DefaultPluginImpl of DefaultPluginImpl [roughlyenoughitems]/" done in 17.10 μs
[14:20:47] [Worker-Main-7/TRACE] [REI] [REIPlugin START] Reloading Section: "reloadable-plugin/DisplaySerializerRegistryImpl/DefaultRuntimePlugin of DefaultRuntimePlugin [roughlyenoughitems]/"
[14:20:47] [Worker-Main-7/TRACE] [REI] [REIPlugin START] Reloading Section: "reloadable-plugin/DisplaySerializerRegistryImpl/DefaultRuntimePlugin of DefaultRuntimePlugin [roughlyenoughitems]/" done in 19.00 μs
[14:20:47] [Worker-Main-7/TRACE] [REI] [REIPlugin START] Reloading Section: "reloadable-plugin/DisplaySerializerRegistryImpl/REI Plugin Compatibilities Server Handler of REI Plugin Compatibilities Server Handler [rei_plugin_compatibilities, jei]/"
[14:20:47] [Worker-Main-7/TRACE] [REI] [REIPlugin START] Reloading Section: "reloadable-plugin/DisplaySerializerRegistryImpl/REI Plugin Compatibilities Server Handler of REI Plugin Compatibilities Server Handler [rei_plugin_compatibilities, jei]/" done in 18.90 μs
[14:20:47] [Worker-Main-7/TRACE] [REI] [REIPlugin START] Reloading Section: "reloadable-plugin/DisplaySerializerRegistryImpl/" done in 600.5 μs
[14:20:47] [Worker-Main-7/TRACE] [REI] [REIPlugin START] Reloading Section: "reloadable-plugin/FluidSupportProviderImpl/"
[14:20:47] [Worker-Main-7/TRACE] [REI] [REIPlugin START] Reloading Section: "reloadable-plugin/FluidSupportProviderImpl/DefaultPluginImpl of DefaultPluginImpl [roughlyenoughitems]/"
[14:20:47] [Worker-Main-7/TRACE] [REI] [REIPlugin START] Reloading Section: "reloadable-plugin/FluidSupportProviderImpl/DefaultPluginImpl of DefaultPluginImpl [roughlyenoughitems]/" done in 1.445 ms
[14:20:47] [Worker-Main-7/TRACE] [REI] [REIPlugin START] Reloading Section: "reloadable-plugin/FluidSupportProviderImpl/DefaultRuntimePlugin of DefaultRuntimePlugin [roughlyenoughitems]/"
[14:20:47] [Worker-Main-7/TRACE] [REI] [REIPlugin START] Reloading Section: "reloadable-plugin/FluidSupportProviderImpl/DefaultRuntimePlugin of DefaultRuntimePlugin [roughlyenoughitems]/" done in 29.30 μs
[14:20:47] [Worker-Main-7/TRACE] [REI] [REIPlugin START] Reloading Section: "reloadable-plugin/FluidSupportProviderImpl/REI Plugin Compatibilities Server Handler of REI Plugin Compatibilities Server Handler [rei_plugin_compatibilities, jei]/"
[14:20:47] [Worker-Main-7/TRACE] [REI] [REIPlugin START] Reloading Section: "reloadable-plugin/FluidSupportProviderImpl/REI Plugin Compatibilities Server Handler of REI Plugin Compatibilities Server Handler [rei_plugin_compatibilities, jei]/" done in 21.10 μs
[14:20:47] [Worker-Main-7/TRACE] [REI] [REIPlugin START] Reloading Section: "reloadable-plugin/FluidSupportProviderImpl/" done in 2.122 ms
[14:20:47] [Worker-Main-7/DEBUG] [REI] ========================================
[14:20:47] [Worker-Main-7/DEBUG] [REI] REIPlugin ending main-reload for START.
[14:20:47] [Worker-Main-7/DEBUG] [REI] ========================================
[14:20:47] [Worker-Main-7/TRACE] [REI] [REIPlugin START] Reloading Section: "end-reload/"
[14:20:47] [Worker-Main-7/TRACE] [REI] [REIPlugin START] Reloading Section: "end-reload/EntryTypeRegistryImpl/"
[14:20:47] [Worker-Main-7/TRACE] [REI] [REIPlugin START] Reloading Section: "end-reload/EntryTypeRegistryImpl/" done in 22.50 μs
[14:20:47] [Worker-Main-7/TRACE] [REI] [REIPlugin START] Reloading Section: "end-reload/EntrySettingsAdapterRegistryImpl/"
[14:20:47] [Worker-Main-7/TRACE] [REI] [REIPlugin START] Reloading Section: "end-reload/EntrySettingsAdapterRegistryImpl/" done in 10.80 μs
[14:20:47] [Worker-Main-7/TRACE] [REI] [REIPlugin START] Reloading Section: "end-reload/RecipeManagerContextImpl/"
[14:20:47] [Worker-Main-7/TRACE] [REI] [REIPlugin START] Reloading Section: "end-reload/RecipeManagerContextImpl/" done in 7.900 μs
[14:20:47] [Worker-Main-7/TRACE] [REI] [REIPlugin START] Reloading Section: "end-reload/ItemComparatorRegistryImpl/"
[14:20:47] [Worker-Main-7/TRACE] [REI] [REIPlugin START] Reloading Section: "end-reload/ItemComparatorRegistryImpl/" done in 8.900 μs
[14:20:47] [Worker-Main-7/TRACE] [REI] [REIPlugin START] Reloading Section: "end-reload/FluidComparatorRegistryImpl/"
[14:20:47] [Worker-Main-7/TRACE] [REI] [REIPlugin START] Reloading Section: "end-reload/FluidComparatorRegistryImpl/" done in 8.000 μs
[14:20:47] [Worker-Main-7/TRACE] [REI] [REIPlugin START] Reloading Section: "end-reload/DisplaySerializerRegistryImpl/"
[14:20:47] [Worker-Main-7/TRACE] [REI] [REIPlugin START] Reloading Section: "end-reload/DisplaySerializerRegistryImpl/" done in 7.800 μs
[14:20:47] [Worker-Main-7/TRACE] [REI] [REIPlugin START] Reloading Section: "end-reload/FluidSupportProviderImpl/"
[14:20:47] [Worker-Main-7/TRACE] [REI] [REIPlugin START] Reloading Section: "end-reload/FluidSupportProviderImpl/" done in 8.600 μs
[14:20:47] [Worker-Main-7/TRACE] [REI] [REIPlugin START] Reloading Section: "end-reload/" done in 1.161 ms
[14:20:47] [Worker-Main-7/DEBUG] [REI] ========================================
[14:20:47] [Worker-Main-7/DEBUG] [REI] REIPlugin ended main-reload for START in 33.99 ms.
[14:20:47] [Worker-Main-7/DEBUG] [REI] ========================================
[14:20:47] [Worker-Main-7/INFO] [REI] ########################################
[14:20:47] [Worker-Main-7/INFO] [REI] REIServerPlugin starting main-reload for START.
[14:20:47] [Worker-Main-7/DEBUG] [REI] Reloadables (1):
[14:20:47] [Worker-Main-7/DEBUG] [REI]  - MenuInfoRegistryImpl
[14:20:47] [Worker-Main-7/INFO] [REI] Plugins (3):
[14:20:47] [Worker-Main-7/INFO] [REI]  - (-100.00) DefaultPluginImpl of DefaultPluginImpl [roughlyenoughitems]
[14:20:47] [Worker-Main-7/INFO] [REI]  - (0.00) REI Plugin Compatibilities Server Handler of REI Plugin Compatibilities Server Handler [rei_plugin_compatibilities, jei]
[14:20:47] [Worker-Main-7/INFO] [REI]  - (0.00) DefaultRuntimePlugin of DefaultRuntimePlugin [roughlyenoughitems]
[14:20:47] [Worker-Main-7/INFO] [REI] ########################################
[14:20:47] [Worker-Main-7/TRACE] [REI] [REIServerPlugin START] Reloading Section: "start-reload/"
[14:20:47] [Worker-Main-7/TRACE] [REI] [REIServerPlugin START] Reloading Section: "start-reload/MenuInfoRegistryImpl/"
[14:20:47] [Worker-Main-7/TRACE] [REI] [REIServerPlugin START] Reloading Section: "start-reload/MenuInfoRegistryImpl/" done in 13.20 μs
[14:20:47] [Worker-Main-7/TRACE] [REI] [REIServerPlugin START] Reloading Section: "start-reload/" done in 142.4 μs
[14:20:47] [Worker-Main-7/DEBUG] [REI] ========================================
[14:20:47] [Worker-Main-7/DEBUG] [REI] REIServerPlugin started main-reload for START.
[14:20:47] [Worker-Main-7/DEBUG] [REI] ========================================
[14:20:47] [Worker-Main-7/TRACE] [REI] [REIServerPlugin START] Reloading Section: "reloadable-plugin/MenuInfoRegistryImpl/"
[14:20:47] [Worker-Main-7/TRACE] [REI] [REIServerPlugin START] Reloading Section: "reloadable-plugin/MenuInfoRegistryImpl/DefaultPluginImpl of DefaultPluginImpl [roughlyenoughitems]/"
[14:20:47] [Worker-Main-7/TRACE] [REI] [REIServerPlugin START] Reloading Section: "reloadable-plugin/MenuInfoRegistryImpl/DefaultPluginImpl of DefaultPluginImpl [roughlyenoughitems]/" done in 16.70 μs
[14:20:47] [Worker-Main-7/TRACE] [REI] [REIServerPlugin START] Reloading Section: "reloadable-plugin/MenuInfoRegistryImpl/REI Plugin Compatibilities Server Handler of REI Plugin Compatibilities Server Handler [rei_plugin_compatibilities, jei]/"
[14:20:47] [Worker-Main-7/TRACE] [REI] [REIServerPlugin START] Reloading Section: "reloadable-plugin/MenuInfoRegistryImpl/REI Plugin Compatibilities Server Handler of REI Plugin Compatibilities Server Handler [rei_plugin_compatibilities, jei]/" done in 12.90 μs
[14:20:47] [Worker-Main-7/TRACE] [REI] [REIServerPlugin START] Reloading Section: "reloadable-plugin/MenuInfoRegistryImpl/DefaultRuntimePlugin of DefaultRuntimePlugin [roughlyenoughitems]/"
[14:20:47] [Worker-Main-7/TRACE] [REI] [REIServerPlugin START] Reloading Section: "reloadable-plugin/MenuInfoRegistryImpl/DefaultRuntimePlugin of DefaultRuntimePlugin [roughlyenoughitems]/" done in 16.30 μs
[14:20:47] [Worker-Main-7/TRACE] [REI] [REIServerPlugin START] Reloading Section: "reloadable-plugin/MenuInfoRegistryImpl/" done in 527.6 μs
[14:20:47] [Worker-Main-7/DEBUG] [REI] ========================================
[14:20:47] [Worker-Main-7/DEBUG] [REI] REIServerPlugin ending main-reload for START.
[14:20:47] [Worker-Main-7/DEBUG] [REI] ========================================
[14:20:47] [Worker-Main-7/TRACE] [REI] [REIServerPlugin START] Reloading Section: "end-reload/"
[14:20:47] [Worker-Main-7/TRACE] [REI] [REIServerPlugin START] Reloading Section: "end-reload/MenuInfoRegistryImpl/"
[14:20:47] [Worker-Main-7/TRACE] [REI] [REIServerPlugin START] Reloading Section: "end-reload/MenuInfoRegistryImpl/" done in 9.300 μs
[14:20:47] [Worker-Main-7/TRACE] [REI] [REIServerPlugin START] Reloading Section: "end-reload/" done in 143.9 μs
[14:20:47] [Worker-Main-7/DEBUG] [REI] ========================================
[14:20:47] [Worker-Main-7/DEBUG] [REI] REIServerPlugin ended main-reload for START in 1.943 ms.
[14:20:47] [Worker-Main-7/DEBUG] [REI] ========================================
[14:20:47] [Worker-Main-7/DEBUG] [REI] ========================================
[14:20:47] [Worker-Main-7/DEBUG] [REI] REIPlugin starting post-reload for START.
[14:20:47] [Worker-Main-7/DEBUG] [REI] Reloadables (7):
[14:20:47] [Worker-Main-7/DEBUG] [REI]  - EntryTypeRegistryImpl
[14:20:47] [Worker-Main-7/DEBUG] [REI]  - EntrySettingsAdapterRegistryImpl
[14:20:47] [Worker-Main-7/DEBUG] [REI]  - RecipeManagerContextImpl
[14:20:47] [Worker-Main-7/DEBUG] [REI]  - ItemComparatorRegistryImpl
[14:20:47] [Worker-Main-7/DEBUG] [REI]  - FluidComparatorRegistryImpl
[14:20:47] [Worker-Main-7/DEBUG] [REI]  - DisplaySerializerRegistryImpl
[14:20:47] [Worker-Main-7/DEBUG] [REI]  - FluidSupportProviderImpl
[14:20:47] [Worker-Main-7/DEBUG] [REI] Plugins (3):
[14:20:47] [Worker-Main-7/DEBUG] [REI]  - (-100.00) DefaultPluginImpl of DefaultPluginImpl [roughlyenoughitems]
[14:20:47] [Worker-Main-7/DEBUG] [REI]  - (0.00) DefaultRuntimePlugin of DefaultRuntimePlugin [roughlyenoughitems]
[14:20:47] [Worker-Main-7/DEBUG] [REI]  - (0.00) REI Plugin Compatibilities Server Handler of REI Plugin Compatibilities Server Handler [rei_plugin_compatibilities, jei]
[14:20:47] [Worker-Main-7/DEBUG] [REI] ========================================
[14:20:47] [Worker-Main-7/TRACE] [REI] [REIPlugin START] Reloading Section: "post-register/"
[14:20:47] [Worker-Main-7/TRACE] [REI] [REIPlugin START] Reloading Section: "post-register/DefaultPluginImpl of DefaultPluginImpl [roughlyenoughitems]/"
[14:20:47] [Worker-Main-7/TRACE] [REI] [REIPlugin START] Reloading Section: "post-register/DefaultPluginImpl of DefaultPluginImpl [roughlyenoughitems]/" done in 627.0 μs
[14:20:47] [Worker-Main-7/TRACE] [REI] [REIPlugin START] Reloading Section: "post-register/DefaultRuntimePlugin of DefaultRuntimePlugin [roughlyenoughitems]/"
[14:20:47] [Worker-Main-7/TRACE] [REI] [REIPlugin START] Reloading Section: "post-register/DefaultRuntimePlugin of DefaultRuntimePlugin [roughlyenoughitems]/" done in 19.00 μs
[14:20:47] [Worker-Main-7/TRACE] [REI] [REIPlugin START] Reloading Section: "post-register/REI Plugin Compatibilities Server Handler of REI Plugin Compatibilities Server Handler [rei_plugin_compatibilities, jei]/"
[14:20:47] [Worker-Main-7/TRACE] [REI] [REIPlugin START] Reloading Section: "post-register/REI Plugin Compatibilities Server Handler of REI Plugin Compatibilities Server Handler [rei_plugin_compatibilities, jei]/" done in 14.00 μs
[14:20:47] [Worker-Main-7/TRACE] [REI] [REIPlugin START] Reloading Section: "post-register/" done in 1.936 ms
[14:20:47] [Worker-Main-7/DEBUG] [REI] ========================================
[14:20:47] [Worker-Main-7/INFO] [REI] REIPlugin finished post-reload for START in 2.087 ms, totaling 58.79 ms.
[14:20:47] [Worker-Main-7/DEBUG] [REI] ========================================
[14:20:47] [Worker-Main-7/DEBUG] [REI] ========================================
[14:20:47] [Worker-Main-7/DEBUG] [REI] REIServerPlugin starting post-reload for START.
[14:20:47] [Worker-Main-7/DEBUG] [REI] Reloadables (1):
[14:20:47] [Worker-Main-7/DEBUG] [REI]  - MenuInfoRegistryImpl
[14:20:47] [Worker-Main-7/DEBUG] [REI] Plugins (3):
[14:20:47] [Worker-Main-7/DEBUG] [REI]  - (-100.00) DefaultPluginImpl of DefaultPluginImpl [roughlyenoughitems]
[14:20:47] [Worker-Main-7/DEBUG] [REI]  - (0.00) REI Plugin Compatibilities Server Handler of REI Plugin Compatibilities Server Handler [rei_plugin_compatibilities, jei]
[14:20:47] [Worker-Main-7/DEBUG] [REI]  - (0.00) DefaultRuntimePlugin of DefaultRuntimePlugin [roughlyenoughitems]
[14:20:47] [Worker-Main-7/DEBUG] [REI] ========================================
[14:20:47] [Worker-Main-7/TRACE] [REI] [REIServerPlugin START] Reloading Section: "post-register/"
[14:20:47] [Worker-Main-7/TRACE] [REI] [REIServerPlugin START] Reloading Section: "post-register/DefaultPluginImpl of DefaultPluginImpl [roughlyenoughitems]/"
[14:20:47] [Worker-Main-7/TRACE] [REI] [REIServerPlugin START] Reloading Section: "post-register/DefaultPluginImpl of DefaultPluginImpl [roughlyenoughitems]/" done in 14.70 μs
[14:20:47] [Worker-Main-7/TRACE] [REI] [REIServerPlugin START] Reloading Section: "post-register/REI Plugin Compatibilities Server Handler of REI Plugin Compatibilities Server Handler [rei_plugin_compatibilities, jei]/"
[14:20:47] [Worker-Main-7/TRACE] [REI] [REIServerPlugin START] Reloading Section: "post-register/REI Plugin Compatibilities Server Handler of REI Plugin Compatibilities Server Handler [rei_plugin_compatibilities, jei]/" done in 13.30 μs
[14:20:47] [Worker-Main-7/TRACE] [REI] [REIServerPlugin START] Reloading Section: "post-register/DefaultRuntimePlugin of DefaultRuntimePlugin [roughlyenoughitems]/"
[14:20:47] [Worker-Main-7/TRACE] [REI] [REIServerPlugin START] Reloading Section: "post-register/DefaultRuntimePlugin of DefaultRuntimePlugin [roughlyenoughitems]/" done in 12.50 μs
[14:20:47] [Worker-Main-7/TRACE] [REI] [REIServerPlugin START] Reloading Section: "post-register/" done in 554.8 μs
[14:20:47] [Worker-Main-7/DEBUG] [REI] ========================================
[14:20:47] [Worker-Main-7/INFO] [REI] REIServerPlugin finished post-reload for START in 670.5 μs, totaling 3.038 ms.
[14:20:47] [Worker-Main-7/DEBUG] [REI] ========================================
[14:20:47] [Worker-Main-7/DEBUG] [REI] ========================================
[14:20:47] [Worker-Main-7/DEBUG] [REI] REIPlugin starting pre-reload for END.
[14:20:47] [Worker-Main-7/DEBUG] [REI] Reloadables (7):
[14:20:47] [Worker-Main-7/DEBUG] [REI]  - EntryTypeRegistryImpl
[14:20:47] [Worker-Main-7/DEBUG] [REI]  - EntrySettingsAdapterRegistryImpl
[14:20:47] [Worker-Main-7/DEBUG] [REI]  - RecipeManagerContextImpl
[14:20:47] [Worker-Main-7/DEBUG] [REI]  - ItemComparatorRegistryImpl
[14:20:47] [Worker-Main-7/DEBUG] [REI]  - FluidComparatorRegistryImpl
[14:20:47] [Worker-Main-7/DEBUG] [REI]  - DisplaySerializerRegistryImpl
[14:20:47] [Worker-Main-7/DEBUG] [REI]  - FluidSupportProviderImpl
[14:20:47] [Worker-Main-7/DEBUG] [REI] Plugins (3):
[14:20:47] [Worker-Main-7/DEBUG] [REI]  - (-100.00) DefaultPluginImpl of DefaultPluginImpl [roughlyenoughitems]
[14:20:47] [Worker-Main-7/DEBUG] [REI]  - (0.00) DefaultRuntimePlugin of DefaultRuntimePlugin [roughlyenoughitems]
[14:20:47] [Worker-Main-7/DEBUG] [REI]  - (0.00) REI Plugin Compatibilities Server Handler of REI Plugin Compatibilities Server Handler [rei_plugin_compatibilities, jei]
[14:20:47] [Worker-Main-7/DEBUG] [REI] ========================================
[14:20:47] [Worker-Main-7/TRACE] [REI] [REIPlugin END] Reloading Section: "pre-register/"
[14:20:47] [Worker-Main-7/TRACE] [REI] [REIPlugin END] Reloading Section: "pre-register/DefaultPluginImpl of DefaultPluginImpl [roughlyenoughitems]/"
[14:20:47] [Worker-Main-7/TRACE] [REI] [REIPlugin END] Reloading Section: "pre-register/DefaultPluginImpl of DefaultPluginImpl [roughlyenoughitems]/" done in 17.00 μs
[14:20:47] [Worker-Main-7/TRACE] [REI] [REIPlugin END] Reloading Section: "pre-register/DefaultRuntimePlugin of DefaultRuntimePlugin [roughlyenoughitems]/"
[14:20:47] [Worker-Main-7/TRACE] [REI] [REIPlugin END] Reloading Section: "pre-register/DefaultRuntimePlugin of DefaultRuntimePlugin [roughlyenoughitems]/" done in 13.20 μs
[14:20:47] [Worker-Main-7/TRACE] [REI] [REIPlugin END] Reloading Section: "pre-register/REI Plugin Compatibilities Server Handler of REI Plugin Compatibilities Server Handler [rei_plugin_compatibilities, jei]/"
[14:20:47] [Worker-Main-7/TRACE] [REI] [REIPlugin END] Reloading Section: "pre-register/REI Plugin Compatibilities Server Handler of REI Plugin Compatibilities Server Handler [rei_plugin_compatibilities, jei]/" done in 11.70 μs
[14:20:47] [Worker-Main-7/TRACE] [REI] [REIPlugin END] Reloading Section: "pre-register/" done in 469.3 μs
[14:20:47] [Worker-Main-7/DEBUG] [REI] ========================================
[14:20:47] [Worker-Main-7/DEBUG] [REI] REIPlugin finished pre-reload for END in 585.8 μs.
[14:20:47] [Worker-Main-7/DEBUG] [REI] ========================================
[14:20:47] [Worker-Main-7/DEBUG] [REI] ========================================
[14:20:47] [Worker-Main-7/DEBUG] [REI] REIServerPlugin starting pre-reload for END.
[14:20:47] [Worker-Main-7/DEBUG] [REI] Reloadables (1):
[14:20:47] [Worker-Main-7/DEBUG] [REI]  - MenuInfoRegistryImpl
[14:20:47] [Worker-Main-7/DEBUG] [REI] Plugins (3):
[14:20:47] [Worker-Main-7/DEBUG] [REI]  - (-100.00) DefaultPluginImpl of DefaultPluginImpl [roughlyenoughitems]
[14:20:47] [Worker-Main-7/DEBUG] [REI]  - (0.00) REI Plugin Compatibilities Server Handler of REI Plugin Compatibilities Server Handler [rei_plugin_compatibilities, jei]
[14:20:47] [Worker-Main-7/DEBUG] [REI]  - (0.00) DefaultRuntimePlugin of DefaultRuntimePlugin [roughlyenoughitems]
[14:20:47] [Worker-Main-7/DEBUG] [REI] ========================================
[14:20:47] [Worker-Main-7/TRACE] [REI] [REIServerPlugin END] Reloading Section: "pre-register/"
[14:20:47] [Worker-Main-7/TRACE] [REI] [REIServerPlugin END] Reloading Section: "pre-register/DefaultPluginImpl of DefaultPluginImpl [roughlyenoughitems]/"
[14:20:47] [Worker-Main-7/TRACE] [REI] [REIServerPlugin END] Reloading Section: "pre-register/DefaultPluginImpl of DefaultPluginImpl [roughlyenoughitems]/" done in 16.20 μs
[14:20:47] [Worker-Main-7/TRACE] [REI] [REIServerPlugin END] Reloading Section: "pre-register/REI Plugin Compatibilities Server Handler of REI Plugin Compatibilities Server Handler [rei_plugin_compatibilities, jei]/"
[14:20:47] [Worker-Main-7/TRACE] [REI] [REIServerPlugin END] Reloading Section: "pre-register/REI Plugin Compatibilities Server Handler of REI Plugin Compatibilities Server Handler [rei_plugin_compatibilities, jei]/" done in 12.10 μs
[14:20:47] [Worker-Main-7/TRACE] [REI] [REIServerPlugin END] Reloading Section: "pre-register/DefaultRuntimePlugin of DefaultRuntimePlugin [roughlyenoughitems]/"
[14:20:47] [Worker-Main-7/TRACE] [REI] [REIServerPlugin END] Reloading Section: "pre-register/DefaultRuntimePlugin of DefaultRuntimePlugin [roughlyenoughitems]/" done in 13.00 μs
[14:20:47] [Worker-Main-7/TRACE] [REI] [REIServerPlugin END] Reloading Section: "pre-register/" done in 464.7 μs
[14:20:47] [Worker-Main-7/DEBUG] [REI] ========================================
[14:20:47] [Worker-Main-7/DEBUG] [REI] REIServerPlugin finished pre-reload for END in 697.6 μs.
[14:20:47] [Worker-Main-7/DEBUG] [REI] ========================================
[14:20:47] [Worker-Main-7/INFO] [REI] %%%%%%%%%%%%%%%%%%%%%%%%%%%%%%%%%%%%%%%%
[14:20:47] [Worker-Main-7/INFO] [REI] REIPlugin starting main-reload for END.
[14:20:47] [Worker-Main-7/DEBUG] [REI] Reloadables (7):
[14:20:47] [Worker-Main-7/DEBUG] [REI]  - EntryTypeRegistryImpl
[14:20:47] [Worker-Main-7/DEBUG] [REI]  - EntrySettingsAdapterRegistryImpl
[14:20:47] [Worker-Main-7/DEBUG] [REI]  - RecipeManagerContextImpl
[14:20:47] [Worker-Main-7/DEBUG] [REI]  - ItemComparatorRegistryImpl
[14:20:47] [Worker-Main-7/DEBUG] [REI]  - FluidComparatorRegistryImpl
[14:20:47] [Worker-Main-7/DEBUG] [REI]  - DisplaySerializerRegistryImpl
[14:20:47] [Worker-Main-7/DEBUG] [REI]  - FluidSupportProviderImpl
[14:20:47] [Worker-Main-7/INFO] [REI] Plugins (3):
[14:20:47] [Worker-Main-7/INFO] [REI]  - (-100.00) DefaultPluginImpl of DefaultPluginImpl [roughlyenoughitems]
[14:20:47] [Worker-Main-7/INFO] [REI]  - (0.00) DefaultRuntimePlugin of DefaultRuntimePlugin [roughlyenoughitems]
[14:20:47] [Worker-Main-7/INFO] [REI]  - (0.00) REI Plugin Compatibilities Server Handler of REI Plugin Compatibilities Server Handler [rei_plugin_compatibilities, jei]
[14:20:47] [Worker-Main-7/INFO] [REI] %%%%%%%%%%%%%%%%%%%%%%%%%%%%%%%%%%%%%%%%
[14:20:47] [Worker-Main-7/TRACE] [REI] [REIPlugin END] Reloading Section: "start-reload/"
[14:20:47] [Worker-Main-7/TRACE] [REI] [REIPlugin END] Reloading Section: "start-reload/EntryTypeRegistryImpl/"
[14:20:47] [Worker-Main-7/TRACE] [REI] [REIPlugin END] Reloading Section: "start-reload/EntryTypeRegistryImpl/" done in 12.30 μs
[14:20:47] [Worker-Main-7/TRACE] [REI] [REIPlugin END] Reloading Section: "start-reload/EntrySettingsAdapterRegistryImpl/"
[14:20:47] [Worker-Main-7/TRACE] [REI] [REIPlugin END] Reloading Section: "start-reload/EntrySettingsAdapterRegistryImpl/" done in 35.50 μs
[14:20:47] [Worker-Main-7/TRACE] [REI] [REIPlugin END] Reloading Section: "start-reload/RecipeManagerContextImpl/"
[14:20:47] [Worker-Main-7/TRACE] [REI] [REIPlugin END] Reloading Section: "start-reload/RecipeManagerContextImpl/" done in 11.10 μs
[14:20:47] [Worker-Main-7/TRACE] [REI] [REIPlugin END] Reloading Section: "start-reload/ItemComparatorRegistryImpl/"
[14:20:47] [Worker-Main-7/TRACE] [REI] [REIPlugin END] Reloading Section: "start-reload/ItemComparatorRegistryImpl/" done in 8.800 μs
[14:20:47] [Worker-Main-7/TRACE] [REI] [REIPlugin END] Reloading Section: "start-reload/FluidComparatorRegistryImpl/"
[14:20:47] [Worker-Main-7/TRACE] [REI] [REIPlugin END] Reloading Section: "start-reload/FluidComparatorRegistryImpl/" done in 6.500 μs
[14:20:47] [Worker-Main-7/TRACE] [REI] [REIPlugin END] Reloading Section: "start-reload/DisplaySerializerRegistryImpl/"
[14:20:47] [Worker-Main-7/TRACE] [REI] [REIPlugin END] Reloading Section: "start-reload/DisplaySerializerRegistryImpl/" done in 25.70 μs
[14:20:47] [Worker-Main-7/TRACE] [REI] [REIPlugin END] Reloading Section: "start-reload/FluidSupportProviderImpl/"
[14:20:47] [Worker-Main-7/TRACE] [REI] [REIPlugin END] Reloading Section: "start-reload/FluidSupportProviderImpl/" done in 7.900 μs
[14:20:47] [Worker-Main-7/TRACE] [REI] [REIPlugin END] Reloading Section: "start-reload/" done in 898.3 μs
[14:20:47] [Worker-Main-7/DEBUG] [REI] ========================================
[14:20:47] [Worker-Main-7/DEBUG] [REI] REIPlugin started main-reload for END.
[14:20:47] [Worker-Main-7/DEBUG] [REI] ========================================
[14:20:47] [Worker-Main-7/TRACE] [REI] [REIPlugin END] Reloading Section: "reloadable-plugin/EntryTypeRegistryImpl/"
[14:20:47] [Worker-Main-7/TRACE] [REI] [REIPlugin END] Reloading Section: "reloadable-plugin/EntryTypeRegistryImpl/DefaultPluginImpl of DefaultPluginImpl [roughlyenoughitems]/"
[14:20:47] [Worker-Main-7/TRACE] [REI] [REIPlugin END] Reloading Section: "reloadable-plugin/EntryTypeRegistryImpl/DefaultPluginImpl of DefaultPluginImpl [roughlyenoughitems]/" done in 16.60 μs
[14:20:47] [Worker-Main-7/TRACE] [REI] [REIPlugin END] Reloading Section: "reloadable-plugin/EntryTypeRegistryImpl/DefaultRuntimePlugin of DefaultRuntimePlugin [roughlyenoughitems]/"
[14:20:47] [Worker-Main-7/TRACE] [REI] [REIPlugin END] Reloading Section: "reloadable-plugin/EntryTypeRegistryImpl/DefaultRuntimePlugin of DefaultRuntimePlugin [roughlyenoughitems]/" done in 15.40 μs
[14:20:47] [Worker-Main-7/TRACE] [REI] [REIPlugin END] Reloading Section: "reloadable-plugin/EntryTypeRegistryImpl/REI Plugin Compatibilities Server Handler of REI Plugin Compatibilities Server Handler [rei_plugin_compatibilities, jei]/"
[14:20:47] [Worker-Main-7/TRACE] [REI] [REIPlugin END] Reloading Section: "reloadable-plugin/EntryTypeRegistryImpl/REI Plugin Compatibilities Server Handler of REI Plugin Compatibilities Server Handler [rei_plugin_compatibilities, jei]/" done in 17.40 μs
[14:20:47] [Worker-Main-7/TRACE] [REI] [REIPlugin END] Reloading Section: "reloadable-plugin/EntryTypeRegistryImpl/" done in 591.2 μs
[14:20:47] [Worker-Main-7/TRACE] [REI] [REIPlugin END] Reloading Section: "reloadable-plugin/EntrySettingsAdapterRegistryImpl/"
[14:20:47] [Worker-Main-7/TRACE] [REI] [REIPlugin END] Reloading Section: "reloadable-plugin/EntrySettingsAdapterRegistryImpl/DefaultPluginImpl of DefaultPluginImpl [roughlyenoughitems]/"
[14:20:47] [Worker-Main-7/TRACE] [REI] [REIPlugin END] Reloading Section: "reloadable-plugin/EntrySettingsAdapterRegistryImpl/DefaultPluginImpl of DefaultPluginImpl [roughlyenoughitems]/" done in 31.00 μs
[14:20:47] [Worker-Main-7/TRACE] [REI] [REIPlugin END] Reloading Section: "reloadable-plugin/EntrySettingsAdapterRegistryImpl/DefaultRuntimePlugin of DefaultRuntimePlugin [roughlyenoughitems]/"
[14:20:47] [Worker-Main-7/TRACE] [REI] [REIPlugin END] Reloading Section: "reloadable-plugin/EntrySettingsAdapterRegistryImpl/DefaultRuntimePlugin of DefaultRuntimePlugin [roughlyenoughitems]/" done in 11.40 μs
[14:20:47] [Worker-Main-7/TRACE] [REI] [REIPlugin END] Reloading Section: "reloadable-plugin/EntrySettingsAdapterRegistryImpl/REI Plugin Compatibilities Server Handler of REI Plugin Compatibilities Server Handler [rei_plugin_compatibilities, jei]/"
[14:20:47] [Worker-Main-7/TRACE] [REI] [REIPlugin END] Reloading Section: "reloadable-plugin/EntrySettingsAdapterRegistryImpl/REI Plugin Compatibilities Server Handler of REI Plugin Compatibilities Server Handler [rei_plugin_compatibilities, jei]/" done in 10.20 μs
[14:20:47] [Worker-Main-7/TRACE] [REI] [REIPlugin END] Reloading Section: "reloadable-plugin/EntrySettingsAdapterRegistryImpl/" done in 326.4 μs
[14:20:47] [Worker-Main-7/TRACE] [REI] [REIPlugin END] Reloading Section: "reloadable-plugin/RecipeManagerContextImpl/"
[14:20:47] [Worker-Main-7/TRACE] [REI] [REIPlugin END] Reloading Section: "reloadable-plugin/RecipeManagerContextImpl/DefaultPluginImpl of DefaultPluginImpl [roughlyenoughitems]/"
[14:20:47] [Worker-Main-7/TRACE] [REI] [REIPlugin END] Reloading Section: "reloadable-plugin/RecipeManagerContextImpl/DefaultPluginImpl of DefaultPluginImpl [roughlyenoughitems]/" done in 15.10 μs
[14:20:47] [Worker-Main-7/TRACE] [REI] [REIPlugin END] Reloading Section: "reloadable-plugin/RecipeManagerContextImpl/DefaultRuntimePlugin of DefaultRuntimePlugin [roughlyenoughitems]/"
[14:20:47] [Worker-Main-7/TRACE] [REI] [REIPlugin END] Reloading Section: "reloadable-plugin/RecipeManagerContextImpl/DefaultRuntimePlugin of DefaultRuntimePlugin [roughlyenoughitems]/" done in 14.10 μs
[14:20:47] [Worker-Main-7/TRACE] [REI] [REIPlugin END] Reloading Section: "reloadable-plugin/RecipeManagerContextImpl/REI Plugin Compatibilities Server Handler of REI Plugin Compatibilities Server Handler [rei_plugin_compatibilities, jei]/"
[14:20:47] [Worker-Main-7/TRACE] [REI] [REIPlugin END] Reloading Section: "reloadable-plugin/RecipeManagerContextImpl/REI Plugin Compatibilities Server Handler of REI Plugin Compatibilities Server Handler [rei_plugin_compatibilities, jei]/" done in 13.30 μs
[14:20:47] [Worker-Main-7/TRACE] [REI] [REIPlugin END] Reloading Section: "reloadable-plugin/RecipeManagerContextImpl/" done in 400.3 μs
[14:20:47] [Worker-Main-7/TRACE] [REI] [REIPlugin END] Reloading Section: "reloadable-plugin/ItemComparatorRegistryImpl/"
[14:20:47] [Worker-Main-7/TRACE] [REI] [REIPlugin END] Reloading Section: "reloadable-plugin/ItemComparatorRegistryImpl/DefaultPluginImpl of DefaultPluginImpl [roughlyenoughitems]/"
[14:20:47] [Worker-Main-7/TRACE] [REI] [REIPlugin END] Reloading Section: "reloadable-plugin/ItemComparatorRegistryImpl/DefaultPluginImpl of DefaultPluginImpl [roughlyenoughitems]/" done in 13.40 μs
[14:20:47] [Worker-Main-7/TRACE] [REI] [REIPlugin END] Reloading Section: "reloadable-plugin/ItemComparatorRegistryImpl/DefaultRuntimePlugin of DefaultRuntimePlugin [roughlyenoughitems]/"
[14:20:47] [Worker-Main-7/TRACE] [REI] [REIPlugin END] Reloading Section: "reloadable-plugin/ItemComparatorRegistryImpl/DefaultRuntimePlugin of DefaultRuntimePlugin [roughlyenoughitems]/" done in 15.60 μs
[14:20:47] [Worker-Main-7/TRACE] [REI] [REIPlugin END] Reloading Section: "reloadable-plugin/ItemComparatorRegistryImpl/REI Plugin Compatibilities Server Handler of REI Plugin Compatibilities Server Handler [rei_plugin_compatibilities, jei]/"
[14:20:47] [Worker-Main-7/TRACE] [REI] [REIPlugin END] Reloading Section: "reloadable-plugin/ItemComparatorRegistryImpl/REI Plugin Compatibilities Server Handler of REI Plugin Compatibilities Server Handler [rei_plugin_compatibilities, jei]/" done in 13.60 μs
[14:20:47] [Worker-Main-7/TRACE] [REI] [REIPlugin END] Reloading Section: "reloadable-plugin/ItemComparatorRegistryImpl/" done in 431.9 μs
[14:20:47] [Worker-Main-7/TRACE] [REI] [REIPlugin END] Reloading Section: "reloadable-plugin/FluidComparatorRegistryImpl/"
[14:20:47] [Worker-Main-7/TRACE] [REI] [REIPlugin END] Reloading Section: "reloadable-plugin/FluidComparatorRegistryImpl/DefaultPluginImpl of DefaultPluginImpl [roughlyenoughitems]/"
[14:20:47] [Worker-Main-7/TRACE] [REI] [REIPlugin END] Reloading Section: "reloadable-plugin/FluidComparatorRegistryImpl/DefaultPluginImpl of DefaultPluginImpl [roughlyenoughitems]/" done in 14.20 μs
[14:20:47] [Worker-Main-7/TRACE] [REI] [REIPlugin END] Reloading Section: "reloadable-plugin/FluidComparatorRegistryImpl/DefaultRuntimePlugin of DefaultRuntimePlugin [roughlyenoughitems]/"
[14:20:47] [Worker-Main-7/TRACE] [REI] [REIPlugin END] Reloading Section: "reloadable-plugin/FluidComparatorRegistryImpl/DefaultRuntimePlugin of DefaultRuntimePlugin [roughlyenoughitems]/" done in 13.70 μs
[14:20:47] [Worker-Main-7/TRACE] [REI] [REIPlugin END] Reloading Section: "reloadable-plugin/FluidComparatorRegistryImpl/REI Plugin Compatibilities Server Handler of REI Plugin Compatibilities Server Handler [rei_plugin_compatibilities, jei]/"
[14:20:47] [Worker-Main-7/TRACE] [REI] [REIPlugin END] Reloading Section: "reloadable-plugin/FluidComparatorRegistryImpl/REI Plugin Compatibilities Server Handler of REI Plugin Compatibilities Server Handler [rei_plugin_compatibilities, jei]/" done in 14.10 μs
[14:20:47] [Worker-Main-7/TRACE] [REI] [REIPlugin END] Reloading Section: "reloadable-plugin/FluidComparatorRegistryImpl/" done in 399.9 μs
[14:20:47] [Worker-Main-7/TRACE] [REI] [REIPlugin END] Reloading Section: "reloadable-plugin/DisplaySerializerRegistryImpl/"
[14:20:47] [Worker-Main-7/TRACE] [REI] [REIPlugin END] Reloading Section: "reloadable-plugin/DisplaySerializerRegistryImpl/DefaultPluginImpl of DefaultPluginImpl [roughlyenoughitems]/"
[14:20:47] [Worker-Main-7/TRACE] [REI] [REIPlugin END] Reloading Section: "reloadable-plugin/DisplaySerializerRegistryImpl/DefaultPluginImpl of DefaultPluginImpl [roughlyenoughitems]/" done in 47.77 ms
[14:20:47] [Worker-Main-7/TRACE] [REI] [REIPlugin END] Reloading Section: "reloadable-plugin/DisplaySerializerRegistryImpl/DefaultRuntimePlugin of DefaultRuntimePlugin [roughlyenoughitems]/"
[14:20:47] [Worker-Main-7/TRACE] [REI] [REIPlugin END] Reloading Section: "reloadable-plugin/DisplaySerializerRegistryImpl/DefaultRuntimePlugin of DefaultRuntimePlugin [roughlyenoughitems]/" done in 39.60 μs
[14:20:47] [Worker-Main-7/TRACE] [REI] [REIPlugin END] Reloading Section: "reloadable-plugin/DisplaySerializerRegistryImpl/REI Plugin Compatibilities Server Handler of REI Plugin Compatibilities Server Handler [rei_plugin_compatibilities, jei]/"
[14:20:47] [Worker-Main-7/TRACE] [REI] [REIPlugin END] Reloading Section: "reloadable-plugin/DisplaySerializerRegistryImpl/REI Plugin Compatibilities Server Handler of REI Plugin Compatibilities Server Handler [rei_plugin_compatibilities, jei]/" done in 16.60 μs
[14:20:47] [Worker-Main-7/TRACE] [REI] [REIPlugin END] Reloading Section: "reloadable-plugin/DisplaySerializerRegistryImpl/" done in 48.71 ms
[14:20:47] [Worker-Main-7/TRACE] [REI] [REIPlugin END] Reloading Section: "reloadable-plugin/FluidSupportProviderImpl/"
[14:20:47] [Worker-Main-7/TRACE] [REI] [REIPlugin END] Reloading Section: "reloadable-plugin/FluidSupportProviderImpl/DefaultPluginImpl of DefaultPluginImpl [roughlyenoughitems]/"
[14:20:47] [Worker-Main-7/TRACE] [REI] [REIPlugin END] Reloading Section: "reloadable-plugin/FluidSupportProviderImpl/DefaultPluginImpl of DefaultPluginImpl [roughlyenoughitems]/" done in 18.80 μs
[14:20:47] [Worker-Main-7/TRACE] [REI] [REIPlugin END] Reloading Section: "reloadable-plugin/FluidSupportProviderImpl/DefaultRuntimePlugin of DefaultRuntimePlugin [roughlyenoughitems]/"
[14:20:47] [Worker-Main-7/TRACE] [REI] [REIPlugin END] Reloading Section: "reloadable-plugin/FluidSupportProviderImpl/DefaultRuntimePlugin of DefaultRuntimePlugin [roughlyenoughitems]/" done in 17.10 μs
[14:20:47] [Worker-Main-7/TRACE] [REI] [REIPlugin END] Reloading Section: "reloadable-plugin/FluidSupportProviderImpl/REI Plugin Compatibilities Server Handler of REI Plugin Compatibilities Server Handler [rei_plugin_compatibilities, jei]/"
[14:20:47] [Worker-Main-7/TRACE] [REI] [REIPlugin END] Reloading Section: "reloadable-plugin/FluidSupportProviderImpl/REI Plugin Compatibilities Server Handler of REI Plugin Compatibilities Server Handler [rei_plugin_compatibilities, jei]/" done in 29.80 μs
[14:20:47] [Worker-Main-7/TRACE] [REI] [REIPlugin END] Reloading Section: "reloadable-plugin/FluidSupportProviderImpl/" done in 513.7 μs
[14:20:47] [Worker-Main-7/DEBUG] [REI] ========================================
[14:20:47] [Worker-Main-7/DEBUG] [REI] REIPlugin ending main-reload for END.
[14:20:47] [Worker-Main-7/DEBUG] [REI] ========================================
[14:20:47] [Worker-Main-7/TRACE] [REI] [REIPlugin END] Reloading Section: "end-reload/"
[14:20:47] [Worker-Main-7/TRACE] [REI] [REIPlugin END] Reloading Section: "end-reload/EntryTypeRegistryImpl/"
[14:20:47] [Worker-Main-7/TRACE] [REI] [REIPlugin END] Reloading Section: "end-reload/EntryTypeRegistryImpl/" done in 6.200 μs
[14:20:47] [Worker-Main-7/TRACE] [REI] [REIPlugin END] Reloading Section: "end-reload/EntrySettingsAdapterRegistryImpl/"
[14:20:47] [Worker-Main-7/TRACE] [REI] [REIPlugin END] Reloading Section: "end-reload/EntrySettingsAdapterRegistryImpl/" done in 4.500 μs
[14:20:47] [Worker-Main-7/TRACE] [REI] [REIPlugin END] Reloading Section: "end-reload/RecipeManagerContextImpl/"
[14:20:47] [Worker-Main-7/TRACE] [REI] [REIPlugin END] Reloading Section: "end-reload/RecipeManagerContextImpl/" done in 4.200 μs
[14:20:47] [Worker-Main-7/TRACE] [REI] [REIPlugin END] Reloading Section: "end-reload/ItemComparatorRegistryImpl/"
[14:20:47] [Worker-Main-7/TRACE] [REI] [REIPlugin END] Reloading Section: "end-reload/ItemComparatorRegistryImpl/" done in 4.900 μs
[14:20:47] [Worker-Main-7/TRACE] [REI] [REIPlugin END] Reloading Section: "end-reload/FluidComparatorRegistryImpl/"
[14:20:47] [Worker-Main-7/TRACE] [REI] [REIPlugin END] Reloading Section: "end-reload/FluidComparatorRegistryImpl/" done in 4.100 μs
[14:20:47] [Worker-Main-7/TRACE] [REI] [REIPlugin END] Reloading Section: "end-reload/DisplaySerializerRegistryImpl/"
[14:20:47] [Worker-Main-7/TRACE] [REI] [REIPlugin END] Reloading Section: "end-reload/DisplaySerializerRegistryImpl/" done in 4.300 μs
[14:20:47] [Worker-Main-7/TRACE] [REI] [REIPlugin END] Reloading Section: "end-reload/FluidSupportProviderImpl/"
[14:20:47] [Worker-Main-7/TRACE] [REI] [REIPlugin END] Reloading Section: "end-reload/FluidSupportProviderImpl/" done in 4.400 μs
[14:20:47] [Worker-Main-7/TRACE] [REI] [REIPlugin END] Reloading Section: "end-reload/" done in 473.2 μs
[14:20:47] [Worker-Main-7/DEBUG] [REI] ========================================
[14:20:47] [Worker-Main-7/DEBUG] [REI] REIPlugin ended main-reload for END in 54.40 ms.
[14:20:47] [Worker-Main-7/DEBUG] [REI] ========================================
[14:20:47] [Worker-Main-7/INFO] [REI] %%%%%%%%%%%%%%%%%%%%%%%%%%%%%%%%%%%%%%%%
[14:20:47] [Worker-Main-7/INFO] [REI] REIServerPlugin starting main-reload for END.
[14:20:47] [Worker-Main-7/DEBUG] [REI] Reloadables (1):
[14:20:47] [Worker-Main-7/DEBUG] [REI]  - MenuInfoRegistryImpl
[14:20:47] [Worker-Main-7/INFO] [REI] Plugins (3):
[14:20:47] [Worker-Main-7/INFO] [REI]  - (-100.00) DefaultPluginImpl of DefaultPluginImpl [roughlyenoughitems]
[14:20:47] [Worker-Main-7/INFO] [REI]  - (0.00) REI Plugin Compatibilities Server Handler of REI Plugin Compatibilities Server Handler [rei_plugin_compatibilities, jei]
[14:20:47] [Worker-Main-7/INFO] [REI]  - (0.00) DefaultRuntimePlugin of DefaultRuntimePlugin [roughlyenoughitems]
[14:20:47] [Worker-Main-7/INFO] [REI] %%%%%%%%%%%%%%%%%%%%%%%%%%%%%%%%%%%%%%%%
[14:20:47] [Worker-Main-7/TRACE] [REI] [REIServerPlugin END] Reloading Section: "start-reload/"
[14:20:47] [Worker-Main-7/TRACE] [REI] [REIServerPlugin END] Reloading Section: "start-reload/MenuInfoRegistryImpl/"
[14:20:47] [Worker-Main-7/TRACE] [REI] [REIServerPlugin END] Reloading Section: "start-reload/MenuInfoRegistryImpl/" done in 29.00 μs
[14:20:47] [Worker-Main-7/TRACE] [REI] [REIServerPlugin END] Reloading Section: "start-reload/" done in 103.9 μs
[14:20:47] [Worker-Main-7/DEBUG] [REI] ========================================
[14:20:47] [Worker-Main-7/DEBUG] [REI] REIServerPlugin started main-reload for END.
[14:20:47] [Worker-Main-7/DEBUG] [REI] ========================================
[14:20:47] [Worker-Main-7/TRACE] [REI] [REIServerPlugin END] Reloading Section: "reloadable-plugin/MenuInfoRegistryImpl/"
[14:20:47] [Worker-Main-7/TRACE] [REI] [REIServerPlugin END] Reloading Section: "reloadable-plugin/MenuInfoRegistryImpl/DefaultPluginImpl of DefaultPluginImpl [roughlyenoughitems]/"
[14:20:47] [Worker-Main-7/DEBUG] [REI] Added menu info for class net.minecraft.world.inventory.CraftingMenu [minecraft:plugins/crafting]: me.shedaniel.rei.api.common.transfer.info.simple.SimpleMenuInfoProvider$$Lambda$25220/0x000001f193fcfc28@1f2f2d09
[14:20:47] [Worker-Main-7/DEBUG] [REI] Added menu info for class net.minecraft.world.inventory.InventoryMenu [minecraft:plugins/crafting]: me.shedaniel.rei.api.common.transfer.info.simple.SimpleMenuInfoProvider$$Lambda$25220/0x000001f193fcfc28@ba74123
[14:20:47] [Worker-Main-7/DEBUG] [REI] Added menu info for class net.minecraft.world.inventory.FurnaceMenu [minecraft:plugins/smelting]: me.shedaniel.rei.api.common.transfer.info.simple.SimpleMenuInfoProvider$$Lambda$25220/0x000001f193fcfc28@7f2547e6
[14:20:47] [Worker-Main-7/DEBUG] [REI] Added menu info for class net.minecraft.world.inventory.SmokerMenu [minecraft:plugins/smoking]: me.shedaniel.rei.api.common.transfer.info.simple.SimpleMenuInfoProvider$$Lambda$25220/0x000001f193fcfc28@1d4f5481
[14:20:47] [Worker-Main-7/DEBUG] [REI] Added menu info for class net.minecraft.world.inventory.BlastFurnaceMenu [minecraft:plugins/blasting]: me.shedaniel.rei.api.common.transfer.info.simple.SimpleMenuInfoProvider$$Lambda$25220/0x000001f193fcfc28@728bb95d
[14:20:47] [Worker-Main-7/TRACE] [REI] [REIServerPlugin END] Reloading Section: "reloadable-plugin/MenuInfoRegistryImpl/DefaultPluginImpl of DefaultPluginImpl [roughlyenoughitems]/" done in 11.40 ms
[14:20:47] [Worker-Main-7/TRACE] [REI] [REIServerPlugin END] Reloading Section: "reloadable-plugin/MenuInfoRegistryImpl/REI Plugin Compatibilities Server Handler of REI Plugin Compatibilities Server Handler [rei_plugin_compatibilities, jei]/"
[14:20:47] [Worker-Main-7/DEBUG] [REI] Added generic menu info for: me.shedaniel.rei.jeicompat.JEIExtraPlugin$1@7d9c301a
[14:20:47] [Worker-Main-7/TRACE] [REI] [REIServerPlugin END] Reloading Section: "reloadable-plugin/MenuInfoRegistryImpl/REI Plugin Compatibilities Server Handler of REI Plugin Compatibilities Server Handler [rei_plugin_compatibilities, jei]/" done in 2.963 ms
[14:20:47] [Worker-Main-7/TRACE] [REI] [REIServerPlugin END] Reloading Section: "reloadable-plugin/MenuInfoRegistryImpl/DefaultRuntimePlugin of DefaultRuntimePlugin [roughlyenoughitems]/"
[14:20:47] [Worker-Main-7/TRACE] [REI] [REIServerPlugin END] Reloading Section: "reloadable-plugin/MenuInfoRegistryImpl/DefaultRuntimePlugin of DefaultRuntimePlugin [roughlyenoughitems]/" done in 37.70 μs
[14:20:47] [Worker-Main-7/TRACE] [REI] [REIServerPlugin END] Reloading Section: "reloadable-plugin/MenuInfoRegistryImpl/" done in 14.99 ms
[14:20:47] [Worker-Main-7/DEBUG] [REI] ========================================
[14:20:47] [Worker-Main-7/DEBUG] [REI] REIServerPlugin ending main-reload for END.
[14:20:47] [Worker-Main-7/DEBUG] [REI] ========================================
[14:20:47] [Worker-Main-7/TRACE] [REI] [REIServerPlugin END] Reloading Section: "end-reload/"
[14:20:47] [Worker-Main-7/TRACE] [REI] [REIServerPlugin END] Reloading Section: "end-reload/MenuInfoRegistryImpl/"
[14:20:47] [Worker-Main-7/DEBUG] [REI] Registered 5 menu infos
[14:20:47] [Worker-Main-7/TRACE] [REI] [REIServerPlugin END] Reloading Section: "end-reload/MenuInfoRegistryImpl/" done in 87.90 μs
[14:20:47] [Worker-Main-7/TRACE] [REI] [REIServerPlugin END] Reloading Section: "end-reload/" done in 227.9 μs
[14:20:47] [Worker-Main-7/DEBUG] [REI] ========================================
[14:20:47] [Worker-Main-7/DEBUG] [REI] REIServerPlugin ended main-reload for END in 16.05 ms.
[14:20:47] [Worker-Main-7/DEBUG] [REI] ========================================
[14:20:47] [Worker-Main-7/DEBUG] [REI] ========================================
[14:20:47] [Worker-Main-7/DEBUG] [REI] REIPlugin starting post-reload for END.
[14:20:47] [Worker-Main-7/DEBUG] [REI] Reloadables (7):
[14:20:47] [Worker-Main-7/DEBUG] [REI]  - EntryTypeRegistryImpl
[14:20:47] [Worker-Main-7/DEBUG] [REI]  - EntrySettingsAdapterRegistryImpl
[14:20:47] [Worker-Main-7/DEBUG] [REI]  - RecipeManagerContextImpl
[14:20:47] [Worker-Main-7/DEBUG] [REI]  - ItemComparatorRegistryImpl
[14:20:47] [Worker-Main-7/DEBUG] [REI]  - FluidComparatorRegistryImpl
[14:20:47] [Worker-Main-7/DEBUG] [REI]  - DisplaySerializerRegistryImpl
[14:20:47] [Worker-Main-7/DEBUG] [REI]  - FluidSupportProviderImpl
[14:20:47] [Worker-Main-7/DEBUG] [REI] Plugins (3):
[14:20:47] [Worker-Main-7/DEBUG] [REI]  - (-100.00) DefaultPluginImpl of DefaultPluginImpl [roughlyenoughitems]
[14:20:47] [Worker-Main-7/DEBUG] [REI]  - (0.00) DefaultRuntimePlugin of DefaultRuntimePlugin [roughlyenoughitems]
[14:20:47] [Worker-Main-7/DEBUG] [REI]  - (0.00) REI Plugin Compatibilities Server Handler of REI Plugin Compatibilities Server Handler [rei_plugin_compatibilities, jei]
[14:20:47] [Worker-Main-7/DEBUG] [REI] ========================================
[14:20:47] [Worker-Main-7/TRACE] [REI] [REIPlugin END] Reloading Section: "post-register/"
[14:20:47] [Worker-Main-7/TRACE] [REI] [REIPlugin END] Reloading Section: "post-register/DefaultPluginImpl of DefaultPluginImpl [roughlyenoughitems]/"
[14:20:47] [Worker-Main-7/TRACE] [REI] [REIPlugin END] Reloading Section: "post-register/DefaultPluginImpl of DefaultPluginImpl [roughlyenoughitems]/" done in 14.90 μs
[14:20:47] [Worker-Main-7/TRACE] [REI] [REIPlugin END] Reloading Section: "post-register/DefaultRuntimePlugin of DefaultRuntimePlugin [roughlyenoughitems]/"
[14:20:47] [Worker-Main-7/TRACE] [REI] [REIPlugin END] Reloading Section: "post-register/DefaultRuntimePlugin of DefaultRuntimePlugin [roughlyenoughitems]/" done in 8.500 μs
[14:20:47] [Worker-Main-7/TRACE] [REI] [REIPlugin END] Reloading Section: "post-register/REI Plugin Compatibilities Server Handler of REI Plugin Compatibilities Server Handler [rei_plugin_compatibilities, jei]/"
[14:20:47] [Worker-Main-7/TRACE] [REI] [REIPlugin END] Reloading Section: "post-register/REI Plugin Compatibilities Server Handler of REI Plugin Compatibilities Server Handler [rei_plugin_compatibilities, jei]/" done in 6.600 μs
[14:20:47] [Worker-Main-7/TRACE] [REI] [REIPlugin END] Reloading Section: "post-register/" done in 276.6 μs
[14:20:47] [Worker-Main-7/DEBUG] [REI] ========================================
[14:20:47] [Worker-Main-7/INFO] [REI] REIPlugin finished post-reload for END in 368.2 μs, totaling 55.34 ms.
[14:20:47] [Worker-Main-7/DEBUG] [REI] ========================================
[14:20:47] [Worker-Main-7/DEBUG] [REI] ========================================
[14:20:47] [Worker-Main-7/DEBUG] [REI] REIServerPlugin starting post-reload for END.
[14:20:47] [Worker-Main-7/DEBUG] [REI] Reloadables (1):
[14:20:47] [Worker-Main-7/DEBUG] [REI]  - MenuInfoRegistryImpl
[14:20:47] [Worker-Main-7/DEBUG] [REI] Plugins (3):
[14:20:47] [Worker-Main-7/DEBUG] [REI]  - (-100.00) DefaultPluginImpl of DefaultPluginImpl [roughlyenoughitems]
[14:20:47] [Worker-Main-7/DEBUG] [REI]  - (0.00) REI Plugin Compatibilities Server Handler of REI Plugin Compatibilities Server Handler [rei_plugin_compatibilities, jei]
[14:20:47] [Worker-Main-7/DEBUG] [REI]  - (0.00) DefaultRuntimePlugin of DefaultRuntimePlugin [roughlyenoughitems]
[14:20:47] [Worker-Main-7/DEBUG] [REI] ========================================
[14:20:47] [Worker-Main-7/TRACE] [REI] [REIServerPlugin END] Reloading Section: "post-register/"
[14:20:47] [Worker-Main-7/TRACE] [REI] [REIServerPlugin END] Reloading Section: "post-register/DefaultPluginImpl of DefaultPluginImpl [roughlyenoughitems]/"
[14:20:47] [Worker-Main-7/TRACE] [REI] [REIServerPlugin END] Reloading Section: "post-register/DefaultPluginImpl of DefaultPluginImpl [roughlyenoughitems]/" done in 17.20 μs
[14:20:47] [Worker-Main-7/TRACE] [REI] [REIServerPlugin END] Reloading Section: "post-register/REI Plugin Compatibilities Server Handler of REI Plugin Compatibilities Server Handler [rei_plugin_compatibilities, jei]/"
[14:20:47] [Worker-Main-7/TRACE] [REI] [REIServerPlugin END] Reloading Section: "post-register/REI Plugin Compatibilities Server Handler of REI Plugin Compatibilities Server Handler [rei_plugin_compatibilities, jei]/" done in 12.40 μs
[14:20:47] [Worker-Main-7/TRACE] [REI] [REIServerPlugin END] Reloading Section: "post-register/DefaultRuntimePlugin of DefaultRuntimePlugin [roughlyenoughitems]/"
[14:20:47] [Worker-Main-7/TRACE] [REI] [REIServerPlugin END] Reloading Section: "post-register/DefaultRuntimePlugin of DefaultRuntimePlugin [roughlyenoughitems]/" done in 10.60 μs
[14:20:47] [Worker-Main-7/TRACE] [REI] [REIServerPlugin END] Reloading Section: "post-register/" done in 451.1 μs
[14:20:47] [Worker-Main-7/DEBUG] [REI] ========================================
[14:20:47] [Worker-Main-7/INFO] [REI] REIServerPlugin finished post-reload for END in 549.6 μs, totaling 17.28 ms.
[14:20:47] [Worker-Main-7/DEBUG] [REI] ========================================
